This is pdfTeX, Version 3.141592653-2.6-1.40.26 (TeX Live 2024) (preloaded format=pdflatex 2024.7.28)  28 JUL 2024 23:40
entering extended mode
 restricted \write18 enabled.
 %&-line parsing enabled.
**manuscript.tex
(./manuscript.tex
LaTeX2e <2024-06-01> patch level 2
L3 programming layer <2024-05-27>
(/Users/erinbuchanan/Library/TinyTeX/texmf-dist/tex/latex/apa7/apa7.cls
Document Class: apa7 2022/07/25 v2.16 APA formatting (7th edition)
(/Users/erinbuchanan/Library/TinyTeX/texmf-dist/tex/latex/base/article.cls
Document Class: article 2024/02/08 v1.4n Standard LaTeX document class
(/Users/erinbuchanan/Library/TinyTeX/texmf-dist/tex/latex/base/size12.clo
File: size12.clo 2024/02/08 v1.4n Standard LaTeX file (size option)
)
\c@part=\count194
\c@section=\count195
\c@subsection=\count196
\c@subsubsection=\count197
\c@paragraph=\count198
\c@subparagraph=\count199
\c@figure=\count266
\c@table=\count267
\abovecaptionskip=\skip49
\belowcaptionskip=\skip50
\bibindent=\dimen141
) (/Users/erinbuchanan/Library/TinyTeX/texmf-dist/tex/latex/etoolbox/etoolbox.sty
Package: etoolbox 2020/10/05 v2.5k e-TeX tools for LaTeX (JAW)
\etb@tempcnta=\count268
)
Class apa7 Info: No bibliography package was specified; defaulting to (but not loading) Biblatex on input line 218.
(/Users/erinbuchanan/Library/TinyTeX/texmf-dist/tex/latex/lm/lmodern.sty
Package: lmodern 2015/05/01 v1.6.1 Latin Modern Fonts
LaTeX Font Info:    Overwriting symbol font `operators' in version `normal'
(Font)                  OT1/cmr/m/n --> OT1/lmr/m/n on input line 22.
LaTeX Font Info:    Overwriting symbol font `letters' in version `normal'
(Font)                  OML/cmm/m/it --> OML/lmm/m/it on input line 23.
LaTeX Font Info:    Overwriting symbol font `symbols' in version `normal'
(Font)                  OMS/cmsy/m/n --> OMS/lmsy/m/n on input line 24.
LaTeX Font Info:    Overwriting symbol font `largesymbols' in version `normal'
(Font)                  OMX/cmex/m/n --> OMX/lmex/m/n on input line 25.
LaTeX Font Info:    Overwriting symbol font `operators' in version `bold'
(Font)                  OT1/cmr/bx/n --> OT1/lmr/bx/n on input line 26.
LaTeX Font Info:    Overwriting symbol font `letters' in version `bold'
(Font)                  OML/cmm/b/it --> OML/lmm/b/it on input line 27.
LaTeX Font Info:    Overwriting symbol font `symbols' in version `bold'
(Font)                  OMS/cmsy/b/n --> OMS/lmsy/b/n on input line 28.
LaTeX Font Info:    Overwriting symbol font `largesymbols' in version `bold'
(Font)                  OMX/cmex/m/n --> OMX/lmex/m/n on input line 29.
LaTeX Font Info:    Overwriting math alphabet `\mathbf' in version `normal'
(Font)                  OT1/cmr/bx/n --> OT1/lmr/bx/n on input line 31.
LaTeX Font Info:    Overwriting math alphabet `\mathsf' in version `normal'
(Font)                  OT1/cmss/m/n --> OT1/lmss/m/n on input line 32.
LaTeX Font Info:    Overwriting math alphabet `\mathit' in version `normal'
(Font)                  OT1/cmr/m/it --> OT1/lmr/m/it on input line 33.
LaTeX Font Info:    Overwriting math alphabet `\mathtt' in version `normal'
(Font)                  OT1/cmtt/m/n --> OT1/lmtt/m/n on input line 34.
LaTeX Font Info:    Overwriting math alphabet `\mathbf' in version `bold'
(Font)                  OT1/cmr/bx/n --> OT1/lmr/bx/n on input line 35.
LaTeX Font Info:    Overwriting math alphabet `\mathsf' in version `bold'
(Font)                  OT1/cmss/bx/n --> OT1/lmss/bx/n on input line 36.
LaTeX Font Info:    Overwriting math alphabet `\mathit' in version `bold'
(Font)                  OT1/cmr/bx/it --> OT1/lmr/bx/it on input line 37.
LaTeX Font Info:    Overwriting math alphabet `\mathtt' in version `bold'
(Font)                  OT1/cmtt/m/n --> OT1/lmtt/m/n on input line 38.
) (/Users/erinbuchanan/Library/TinyTeX/texmf-dist/tex/latex/base/fontenc.sty
Package: fontenc 2021/04/29 v2.0v Standard LaTeX package
LaTeX Font Info:    Trying to load font information for T1+lmr on input line 116.
(/Users/erinbuchanan/Library/TinyTeX/texmf-dist/tex/latex/lm/t1lmr.fd
File: t1lmr.fd 2015/05/01 v1.6.1 Font defs for Latin Modern
)) (/Users/erinbuchanan/Library/TinyTeX/texmf-dist/tex/latex/geometry/geometry.sty
Package: geometry 2020/01/02 v5.9 Page Geometry
(/Users/erinbuchanan/Library/TinyTeX/texmf-dist/tex/latex/graphics/keyval.sty
Package: keyval 2022/05/29 v1.15 key=value parser (DPC)
\KV@toks@=\toks17
) (/Users/erinbuchanan/Library/TinyTeX/texmf-dist/tex/generic/iftex/ifvtex.sty
Package: ifvtex 2019/10/25 v1.7 ifvtex legacy package. Use iftex instead.
(/Users/erinbuchanan/Library/TinyTeX/texmf-dist/tex/generic/iftex/iftex.sty
Package: iftex 2022/02/03 v1.0f TeX engine tests
))
\Gm@cnth=\count269
\Gm@cntv=\count270
\c@Gm@tempcnt=\count271
\Gm@bindingoffset=\dimen142
\Gm@wd@mp=\dimen143
\Gm@odd@mp=\dimen144
\Gm@even@mp=\dimen145
\Gm@layoutwidth=\dimen146
\Gm@layoutheight=\dimen147
\Gm@layouthoffset=\dimen148
\Gm@layoutvoffset=\dimen149
\Gm@dimlist=\toks18
) (/Users/erinbuchanan/Library/TinyTeX/texmf-dist/tex/latex/graphics/graphicx.sty
Package: graphicx 2021/09/16 v1.2d Enhanced LaTeX Graphics (DPC,SPQR)
(/Users/erinbuchanan/Library/TinyTeX/texmf-dist/tex/latex/graphics/graphics.sty
Package: graphics 2024/05/23 v1.4g Standard LaTeX Graphics (DPC,SPQR)
(/Users/erinbuchanan/Library/TinyTeX/texmf-dist/tex/latex/graphics/trig.sty
Package: trig 2023/12/02 v1.11 sin cos tan (DPC)
) (/Users/erinbuchanan/Library/TinyTeX/texmf-dist/tex/latex/graphics-cfg/graphics.cfg
File: graphics.cfg 2016/06/04 v1.11 sample graphics configuration
)
Package graphics Info: Driver file: pdftex.def on input line 106.
(/Users/erinbuchanan/Library/TinyTeX/texmf-dist/tex/latex/graphics-def/pdftex.def
File: pdftex.def 2024/04/13 v1.2c Graphics/color driver for pdftex
))
\Gin@req@height=\dimen150
\Gin@req@width=\dimen151
) (/Users/erinbuchanan/Library/TinyTeX/texmf-dist/tex/latex/scalerel/scalerel.sty
Package: scalerel 2016/12/29 v1.8 Routines for constrained scaling and stretching of objects, relative to a reference object or in absolute terms
(/Users/erinbuchanan/Library/TinyTeX/texmf-dist/tex/latex/tools/calc.sty
Package: calc 2023/07/08 v4.3 Infix arithmetic (KKT,FJ)
\calc@Acount=\count272
\calc@Bcount=\count273
\calc@Adimen=\dimen152
\calc@Bdimen=\dimen153
\calc@Askip=\skip51
\calc@Bskip=\skip52
LaTeX Info: Redefining \setlength on input line 80.
LaTeX Info: Redefining \addtolength on input line 81.
\calc@Ccount=\count274
\calc@Cskip=\skip53
)
\thesrwidth=\skip54
\thesrheight=\skip55
\srblobheight=\skip56
\srblobdepth=\skip57
\mnxsrwidth=\skip58
\LMex=\skip59
\LMpt=\skip60
) (/Users/erinbuchanan/Library/TinyTeX/texmf-dist/tex/latex/pgf/frontendlayer/tikz.sty (/Users/erinbuchanan/Library/TinyTeX/texmf-dist/tex/latex/pgf/basiclayer/pgf.sty (/Users/erinbuchanan/Library/TinyTeX/texmf-dist/tex/latex/pgf/utilities/pgfrcs.sty (/Users/erinbuchanan/Library/TinyTeX/texmf-dist/tex/generic/pgf/utilities/pgfutil-common.tex
\pgfutil@everybye=\toks19
\pgfutil@tempdima=\dimen154
\pgfutil@tempdimb=\dimen155
) (/Users/erinbuchanan/Library/TinyTeX/texmf-dist/tex/generic/pgf/utilities/pgfutil-latex.def
\pgfutil@abb=\box52
) (/Users/erinbuchanan/Library/TinyTeX/texmf-dist/tex/generic/pgf/utilities/pgfrcs.code.tex (/Users/erinbuchanan/Library/TinyTeX/texmf-dist/tex/generic/pgf/pgf.revision.tex)
Package: pgfrcs 2023-01-15 v3.1.10 (3.1.10)
))
Package: pgf 2023-01-15 v3.1.10 (3.1.10)
(/Users/erinbuchanan/Library/TinyTeX/texmf-dist/tex/latex/pgf/basiclayer/pgfcore.sty (/Users/erinbuchanan/Library/TinyTeX/texmf-dist/tex/latex/pgf/systemlayer/pgfsys.sty (/Users/erinbuchanan/Library/TinyTeX/texmf-dist/tex/generic/pgf/systemlayer/pgfsys.code.tex
Package: pgfsys 2023-01-15 v3.1.10 (3.1.10)
(/Users/erinbuchanan/Library/TinyTeX/texmf-dist/tex/generic/pgf/utilities/pgfkeys.code.tex
\pgfkeys@pathtoks=\toks20
\pgfkeys@temptoks=\toks21
(/Users/erinbuchanan/Library/TinyTeX/texmf-dist/tex/generic/pgf/utilities/pgfkeyslibraryfiltered.code.tex
\pgfkeys@tmptoks=\toks22
))
\pgf@x=\dimen156
\pgf@y=\dimen157
\pgf@xa=\dimen158
\pgf@ya=\dimen159
\pgf@xb=\dimen160
\pgf@yb=\dimen161
\pgf@xc=\dimen162
\pgf@yc=\dimen163
\pgf@xd=\dimen164
\pgf@yd=\dimen165
\w@pgf@writea=\write3
\r@pgf@reada=\read2
\c@pgf@counta=\count275
\c@pgf@countb=\count276
\c@pgf@countc=\count277
\c@pgf@countd=\count278
\t@pgf@toka=\toks23
\t@pgf@tokb=\toks24
\t@pgf@tokc=\toks25
\pgf@sys@id@count=\count279
(/Users/erinbuchanan/Library/TinyTeX/texmf-dist/tex/generic/pgf/systemlayer/pgf.cfg
File: pgf.cfg 2023-01-15 v3.1.10 (3.1.10)
)
Driver file for pgf: pgfsys-pdftex.def
(/Users/erinbuchanan/Library/TinyTeX/texmf-dist/tex/generic/pgf/systemlayer/pgfsys-pdftex.def
File: pgfsys-pdftex.def 2023-01-15 v3.1.10 (3.1.10)
(/Users/erinbuchanan/Library/TinyTeX/texmf-dist/tex/generic/pgf/systemlayer/pgfsys-common-pdf.def
File: pgfsys-common-pdf.def 2023-01-15 v3.1.10 (3.1.10)
))) (/Users/erinbuchanan/Library/TinyTeX/texmf-dist/tex/generic/pgf/systemlayer/pgfsyssoftpath.code.tex
File: pgfsyssoftpath.code.tex 2023-01-15 v3.1.10 (3.1.10)
\pgfsyssoftpath@smallbuffer@items=\count280
\pgfsyssoftpath@bigbuffer@items=\count281
) (/Users/erinbuchanan/Library/TinyTeX/texmf-dist/tex/generic/pgf/systemlayer/pgfsysprotocol.code.tex
File: pgfsysprotocol.code.tex 2023-01-15 v3.1.10 (3.1.10)
)) (/Users/erinbuchanan/Library/TinyTeX/texmf-dist/tex/latex/xcolor/xcolor.sty
Package: xcolor 2023/11/15 v3.01 LaTeX color extensions (UK)
(/Users/erinbuchanan/Library/TinyTeX/texmf-dist/tex/latex/graphics-cfg/color.cfg
File: color.cfg 2016/01/02 v1.6 sample color configuration
)
Package xcolor Info: Driver file: pdftex.def on input line 274.
(/Users/erinbuchanan/Library/TinyTeX/texmf-dist/tex/latex/graphics/mathcolor.ltx)
Package xcolor Info: Model `cmy' substituted by `cmy0' on input line 1350.
Package xcolor Info: Model `hsb' substituted by `rgb' on input line 1354.
Package xcolor Info: Model `RGB' extended on input line 1366.
Package xcolor Info: Model `HTML' substituted by `rgb' on input line 1368.
Package xcolor Info: Model `Hsb' substituted by `hsb' on input line 1369.
Package xcolor Info: Model `tHsb' substituted by `hsb' on input line 1370.
Package xcolor Info: Model `HSB' substituted by `hsb' on input line 1371.
Package xcolor Info: Model `Gray' substituted by `gray' on input line 1372.
Package xcolor Info: Model `wave' substituted by `hsb' on input line 1373.
) (/Users/erinbuchanan/Library/TinyTeX/texmf-dist/tex/generic/pgf/basiclayer/pgfcore.code.tex
Package: pgfcore 2023-01-15 v3.1.10 (3.1.10)
(/Users/erinbuchanan/Library/TinyTeX/texmf-dist/tex/generic/pgf/math/pgfmath.code.tex (/Users/erinbuchanan/Library/TinyTeX/texmf-dist/tex/generic/pgf/math/pgfmathutil.code.tex) (/Users/erinbuchanan/Library/TinyTeX/texmf-dist/tex/generic/pgf/math/pgfmathparser.code.tex
\pgfmath@dimen=\dimen166
\pgfmath@count=\count282
\pgfmath@box=\box53
\pgfmath@toks=\toks26
\pgfmath@stack@operand=\toks27
\pgfmath@stack@operation=\toks28
) (/Users/erinbuchanan/Library/TinyTeX/texmf-dist/tex/generic/pgf/math/pgfmathfunctions.code.tex) (/Users/erinbuchanan/Library/TinyTeX/texmf-dist/tex/generic/pgf/math/pgfmathfunctions.basic.code.tex) (/Users/erinbuchanan/Library/TinyTeX/texmf-dist/tex/generic/pgf/math/pgfmathfunctions.trigonometric.code.tex) (/Users/erinbuchanan/Library/TinyTeX/texmf-dist/tex/generic/pgf/math/pgfmathfunctions.random.code.tex) (/Users/erinbuchanan/Library/TinyTeX/texmf-dist/tex/generic/pgf/math/pgfmathfunctions.comparison.code.tex) (/Users/erinbuchanan/Library/TinyTeX/texmf-dist/tex/generic/pgf/math/pgfmathfunctions.base.code.tex) (/Users/erinbuchanan/Library/TinyTeX/texmf-dist/tex/generic/pgf/math/pgfmathfunctions.round.code.tex) (/Users/erinbuchanan/Library/TinyTeX/texmf-dist/tex/generic/pgf/math/pgfmathfunctions.misc.code.tex) (/Users/erinbuchanan/Library/TinyTeX/texmf-dist/tex/generic/pgf/math/pgfmathfunctions.integerarithmetics.code.tex) (/Users/erinbuchanan/Library/TinyTeX/texmf-dist/tex/generic/pgf/math/pgfmathcalc.code.tex) (/Users/erinbuchanan/Library/TinyTeX/texmf-dist/tex/generic/pgf/math/pgfmathfloat.code.tex
\c@pgfmathroundto@lastzeros=\count283
)) (/Users/erinbuchanan/Library/TinyTeX/texmf-dist/tex/generic/pgf/math/pgfint.code.tex) (/Users/erinbuchanan/Library/TinyTeX/texmf-dist/tex/generic/pgf/basiclayer/pgfcorepoints.code.tex
File: pgfcorepoints.code.tex 2023-01-15 v3.1.10 (3.1.10)
\pgf@picminx=\dimen167
\pgf@picmaxx=\dimen168
\pgf@picminy=\dimen169
\pgf@picmaxy=\dimen170
\pgf@pathminx=\dimen171
\pgf@pathmaxx=\dimen172
\pgf@pathminy=\dimen173
\pgf@pathmaxy=\dimen174
\pgf@xx=\dimen175
\pgf@xy=\dimen176
\pgf@yx=\dimen177
\pgf@yy=\dimen178
\pgf@zx=\dimen179
\pgf@zy=\dimen180
) (/Users/erinbuchanan/Library/TinyTeX/texmf-dist/tex/generic/pgf/basiclayer/pgfcorepathconstruct.code.tex
File: pgfcorepathconstruct.code.tex 2023-01-15 v3.1.10 (3.1.10)
\pgf@path@lastx=\dimen181
\pgf@path@lasty=\dimen182
) (/Users/erinbuchanan/Library/TinyTeX/texmf-dist/tex/generic/pgf/basiclayer/pgfcorepathusage.code.tex
File: pgfcorepathusage.code.tex 2023-01-15 v3.1.10 (3.1.10)
\pgf@shorten@end@additional=\dimen183
\pgf@shorten@start@additional=\dimen184
) (/Users/erinbuchanan/Library/TinyTeX/texmf-dist/tex/generic/pgf/basiclayer/pgfcorescopes.code.tex
File: pgfcorescopes.code.tex 2023-01-15 v3.1.10 (3.1.10)
\pgfpic=\box54
\pgf@hbox=\box55
\pgf@layerbox@main=\box56
\pgf@picture@serial@count=\count284
) (/Users/erinbuchanan/Library/TinyTeX/texmf-dist/tex/generic/pgf/basiclayer/pgfcoregraphicstate.code.tex
File: pgfcoregraphicstate.code.tex 2023-01-15 v3.1.10 (3.1.10)
\pgflinewidth=\dimen185
) (/Users/erinbuchanan/Library/TinyTeX/texmf-dist/tex/generic/pgf/basiclayer/pgfcoretransformations.code.tex
File: pgfcoretransformations.code.tex 2023-01-15 v3.1.10 (3.1.10)
\pgf@pt@x=\dimen186
\pgf@pt@y=\dimen187
\pgf@pt@temp=\dimen188
) (/Users/erinbuchanan/Library/TinyTeX/texmf-dist/tex/generic/pgf/basiclayer/pgfcorequick.code.tex
File: pgfcorequick.code.tex 2023-01-15 v3.1.10 (3.1.10)
) (/Users/erinbuchanan/Library/TinyTeX/texmf-dist/tex/generic/pgf/basiclayer/pgfcoreobjects.code.tex
File: pgfcoreobjects.code.tex 2023-01-15 v3.1.10 (3.1.10)
) (/Users/erinbuchanan/Library/TinyTeX/texmf-dist/tex/generic/pgf/basiclayer/pgfcorepathprocessing.code.tex
File: pgfcorepathprocessing.code.tex 2023-01-15 v3.1.10 (3.1.10)
) (/Users/erinbuchanan/Library/TinyTeX/texmf-dist/tex/generic/pgf/basiclayer/pgfcorearrows.code.tex
File: pgfcorearrows.code.tex 2023-01-15 v3.1.10 (3.1.10)
\pgfarrowsep=\dimen189
) (/Users/erinbuchanan/Library/TinyTeX/texmf-dist/tex/generic/pgf/basiclayer/pgfcoreshade.code.tex
File: pgfcoreshade.code.tex 2023-01-15 v3.1.10 (3.1.10)
\pgf@max=\dimen190
\pgf@sys@shading@range@num=\count285
\pgf@shadingcount=\count286
) (/Users/erinbuchanan/Library/TinyTeX/texmf-dist/tex/generic/pgf/basiclayer/pgfcoreimage.code.tex
File: pgfcoreimage.code.tex 2023-01-15 v3.1.10 (3.1.10)
) (/Users/erinbuchanan/Library/TinyTeX/texmf-dist/tex/generic/pgf/basiclayer/pgfcoreexternal.code.tex
File: pgfcoreexternal.code.tex 2023-01-15 v3.1.10 (3.1.10)
\pgfexternal@startupbox=\box57
) (/Users/erinbuchanan/Library/TinyTeX/texmf-dist/tex/generic/pgf/basiclayer/pgfcorelayers.code.tex
File: pgfcorelayers.code.tex 2023-01-15 v3.1.10 (3.1.10)
) (/Users/erinbuchanan/Library/TinyTeX/texmf-dist/tex/generic/pgf/basiclayer/pgfcoretransparency.code.tex
File: pgfcoretransparency.code.tex 2023-01-15 v3.1.10 (3.1.10)
) (/Users/erinbuchanan/Library/TinyTeX/texmf-dist/tex/generic/pgf/basiclayer/pgfcorepatterns.code.tex
File: pgfcorepatterns.code.tex 2023-01-15 v3.1.10 (3.1.10)
) (/Users/erinbuchanan/Library/TinyTeX/texmf-dist/tex/generic/pgf/basiclayer/pgfcorerdf.code.tex
File: pgfcorerdf.code.tex 2023-01-15 v3.1.10 (3.1.10)
))) (/Users/erinbuchanan/Library/TinyTeX/texmf-dist/tex/generic/pgf/modules/pgfmoduleshapes.code.tex
File: pgfmoduleshapes.code.tex 2023-01-15 v3.1.10 (3.1.10)
\pgfnodeparttextbox=\box58
) (/Users/erinbuchanan/Library/TinyTeX/texmf-dist/tex/generic/pgf/modules/pgfmoduleplot.code.tex
File: pgfmoduleplot.code.tex 2023-01-15 v3.1.10 (3.1.10)
) (/Users/erinbuchanan/Library/TinyTeX/texmf-dist/tex/latex/pgf/compatibility/pgfcomp-version-0-65.sty
Package: pgfcomp-version-0-65 2023-01-15 v3.1.10 (3.1.10)
\pgf@nodesepstart=\dimen191
\pgf@nodesepend=\dimen192
) (/Users/erinbuchanan/Library/TinyTeX/texmf-dist/tex/latex/pgf/compatibility/pgfcomp-version-1-18.sty
Package: pgfcomp-version-1-18 2023-01-15 v3.1.10 (3.1.10)
)) (/Users/erinbuchanan/Library/TinyTeX/texmf-dist/tex/latex/pgf/utilities/pgffor.sty (/Users/erinbuchanan/Library/TinyTeX/texmf-dist/tex/latex/pgf/utilities/pgfkeys.sty (/Users/erinbuchanan/Library/TinyTeX/texmf-dist/tex/generic/pgf/utilities/pgfkeys.code.tex)) (/Users/erinbuchanan/Library/TinyTeX/texmf-dist/tex/latex/pgf/math/pgfmath.sty (/Users/erinbuchanan/Library/TinyTeX/texmf-dist/tex/generic/pgf/math/pgfmath.code.tex)) (/Users/erinbuchanan/Library/TinyTeX/texmf-dist/tex/generic/pgf/utilities/pgffor.code.tex
Package: pgffor 2023-01-15 v3.1.10 (3.1.10)
\pgffor@iter=\dimen193
\pgffor@skip=\dimen194
\pgffor@stack=\toks29
\pgffor@toks=\toks30
)) (/Users/erinbuchanan/Library/TinyTeX/texmf-dist/tex/generic/pgf/frontendlayer/tikz/tikz.code.tex
Package: tikz 2023-01-15 v3.1.10 (3.1.10)
(/Users/erinbuchanan/Library/TinyTeX/texmf-dist/tex/generic/pgf/libraries/pgflibraryplothandlers.code.tex
File: pgflibraryplothandlers.code.tex 2023-01-15 v3.1.10 (3.1.10)
\pgf@plot@mark@count=\count287
\pgfplotmarksize=\dimen195
)
\tikz@lastx=\dimen196
\tikz@lasty=\dimen197
\tikz@lastxsaved=\dimen198
\tikz@lastysaved=\dimen199
\tikz@lastmovetox=\dimen256
\tikz@lastmovetoy=\dimen257
\tikzleveldistance=\dimen258
\tikzsiblingdistance=\dimen259
\tikz@figbox=\box59
\tikz@figbox@bg=\box60
\tikz@tempbox=\box61
\tikz@tempbox@bg=\box62
\tikztreelevel=\count288
\tikznumberofchildren=\count289
\tikznumberofcurrentchild=\count290
\tikz@fig@count=\count291
(/Users/erinbuchanan/Library/TinyTeX/texmf-dist/tex/generic/pgf/modules/pgfmodulematrix.code.tex
File: pgfmodulematrix.code.tex 2023-01-15 v3.1.10 (3.1.10)
\pgfmatrixcurrentrow=\count292
\pgfmatrixcurrentcolumn=\count293
\pgf@matrix@numberofcolumns=\count294
)
\tikz@expandcount=\count295
(/Users/erinbuchanan/Library/TinyTeX/texmf-dist/tex/generic/pgf/frontendlayer/tikz/libraries/tikzlibrarytopaths.code.tex
File: tikzlibrarytopaths.code.tex 2023-01-15 v3.1.10 (3.1.10)
))) (/Users/erinbuchanan/Library/TinyTeX/texmf-dist/tex/latex/hyperref/hyperref.sty
Package: hyperref 2024-07-10 v7.01j Hypertext links for LaTeX
(/Users/erinbuchanan/Library/TinyTeX/texmf-dist/tex/latex/kvsetkeys/kvsetkeys.sty
Package: kvsetkeys 2022-10-05 v1.19 Key value parser (HO)
) (/Users/erinbuchanan/Library/TinyTeX/texmf-dist/tex/generic/kvdefinekeys/kvdefinekeys.sty
Package: kvdefinekeys 2019-12-19 v1.6 Define keys (HO)
) (/Users/erinbuchanan/Library/TinyTeX/texmf-dist/tex/generic/pdfescape/pdfescape.sty
Package: pdfescape 2019/12/09 v1.15 Implements pdfTeX's escape features (HO)
(/Users/erinbuchanan/Library/TinyTeX/texmf-dist/tex/generic/ltxcmds/ltxcmds.sty
Package: ltxcmds 2023-12-04 v1.26 LaTeX kernel commands for general use (HO)
) (/Users/erinbuchanan/Library/TinyTeX/texmf-dist/tex/generic/pdftexcmds/pdftexcmds.sty
Package: pdftexcmds 2020-06-27 v0.33 Utility functions of pdfTeX for LuaTeX (HO)
(/Users/erinbuchanan/Library/TinyTeX/texmf-dist/tex/generic/infwarerr/infwarerr.sty
Package: infwarerr 2019/12/03 v1.5 Providing info/warning/error messages (HO)
)
Package pdftexcmds Info: \pdf@primitive is available.
Package pdftexcmds Info: \pdf@ifprimitive is available.
Package pdftexcmds Info: \pdfdraftmode found.
)) (/Users/erinbuchanan/Library/TinyTeX/texmf-dist/tex/latex/hycolor/hycolor.sty
Package: hycolor 2020-01-27 v1.10 Color options for hyperref/bookmark (HO)
) (/Users/erinbuchanan/Library/TinyTeX/texmf-dist/tex/latex/hyperref/nameref.sty
Package: nameref 2023-11-26 v2.56 Cross-referencing by name of section
(/Users/erinbuchanan/Library/TinyTeX/texmf-dist/tex/latex/refcount/refcount.sty
Package: refcount 2019/12/15 v3.6 Data extraction from label references (HO)
) (/Users/erinbuchanan/Library/TinyTeX/texmf-dist/tex/generic/gettitlestring/gettitlestring.sty
Package: gettitlestring 2019/12/15 v1.6 Cleanup title references (HO)
(/Users/erinbuchanan/Library/TinyTeX/texmf-dist/tex/latex/kvoptions/kvoptions.sty
Package: kvoptions 2022-06-15 v3.15 Key value format for package options (HO)
))
\c@section@level=\count296
) (/Users/erinbuchanan/Library/TinyTeX/texmf-dist/tex/generic/stringenc/stringenc.sty
Package: stringenc 2019/11/29 v1.12 Convert strings between diff. encodings (HO)
)
\@linkdim=\dimen260
\Hy@linkcounter=\count297
\Hy@pagecounter=\count298
(/Users/erinbuchanan/Library/TinyTeX/texmf-dist/tex/latex/hyperref/pd1enc.def
File: pd1enc.def 2024-07-10 v7.01j Hyperref: PDFDocEncoding definition (HO)
Now handling font encoding PD1 ...
... no UTF-8 mapping file for font encoding PD1
) (/Users/erinbuchanan/Library/TinyTeX/texmf-dist/tex/generic/intcalc/intcalc.sty
Package: intcalc 2019/12/15 v1.3 Expandable calculations with integers (HO)
)
\Hy@SavedSpaceFactor=\count299
(/Users/erinbuchanan/Library/TinyTeX/texmf-dist/tex/latex/hyperref/puenc.def
File: puenc.def 2024-07-10 v7.01j Hyperref: PDF Unicode definition (HO)
Now handling font encoding PU ...
... no UTF-8 mapping file for font encoding PU
)
Package hyperref Info: Option `unicode' set `true' on input line 4040.
Package hyperref Info: Hyper figures OFF on input line 4157.
Package hyperref Info: Link nesting OFF on input line 4162.
Package hyperref Info: Hyper index ON on input line 4165.
Package hyperref Info: Plain pages OFF on input line 4172.
Package hyperref Info: Backreferencing OFF on input line 4177.
Package hyperref Info: Implicit mode ON; LaTeX internals redefined.
Package hyperref Info: Bookmarks ON on input line 4424.
\c@Hy@tempcnt=\count300
(/Users/erinbuchanan/Library/TinyTeX/texmf-dist/tex/latex/url/url.sty
\Urlmuskip=\muskip17
Package: url 2013/09/16  ver 3.4  Verb mode for urls, etc.
)
LaTeX Info: Redefining \url on input line 4763.
\XeTeXLinkMargin=\dimen261
(/Users/erinbuchanan/Library/TinyTeX/texmf-dist/tex/generic/bitset/bitset.sty
Package: bitset 2019/12/09 v1.3 Handle bit-vector datatype (HO)
(/Users/erinbuchanan/Library/TinyTeX/texmf-dist/tex/generic/bigintcalc/bigintcalc.sty
Package: bigintcalc 2019/12/15 v1.5 Expandable calculations on big integers (HO)
))
\Fld@menulength=\count301
\Field@Width=\dimen262
\Fld@charsize=\dimen263
Package hyperref Info: Hyper figures OFF on input line 6042.
Package hyperref Info: Link nesting OFF on input line 6047.
Package hyperref Info: Hyper index ON on input line 6050.
Package hyperref Info: backreferencing OFF on input line 6057.
Package hyperref Info: Link coloring OFF on input line 6062.
Package hyperref Info: Link coloring with OCG OFF on input line 6067.
Package hyperref Info: PDF/A mode OFF on input line 6072.
(/Users/erinbuchanan/Library/TinyTeX/texmf-dist/tex/latex/base/atbegshi-ltx.sty
Package: atbegshi-ltx 2021/01/10 v1.0c Emulation of the original atbegshi
package with kernel methods
)
\Hy@abspage=\count302
\c@Item=\count303
\c@Hfootnote=\count304
)
Package hyperref Info: Driver (autodetected): hpdftex.
(/Users/erinbuchanan/Library/TinyTeX/texmf-dist/tex/latex/hyperref/hpdftex.def
File: hpdftex.def 2024-07-10 v7.01j Hyperref driver for pdfTeX
(/Users/erinbuchanan/Library/TinyTeX/texmf-dist/tex/latex/base/atveryend-ltx.sty
Package: atveryend-ltx 2020/08/19 v1.0a Emulation of the original atveryend package
with kernel methods
)
\Fld@listcount=\count305
\c@bookmark@seq@number=\count306
(/Users/erinbuchanan/Library/TinyTeX/texmf-dist/tex/latex/rerunfilecheck/rerunfilecheck.sty
Package: rerunfilecheck 2022-07-10 v1.10 Rerun checks for auxiliary files (HO)
(/Users/erinbuchanan/Library/TinyTeX/texmf-dist/tex/generic/uniquecounter/uniquecounter.sty
Package: uniquecounter 2019/12/15 v1.4 Provide unlimited unique counter (HO)
)
Package uniquecounter Info: New unique counter `rerunfilecheck' on input line 285.
)
\Hy@SectionHShift=\skip61
) (/Users/erinbuchanan/Library/TinyTeX/texmf-dist/tex/generic/pgf/frontendlayer/tikz/libraries/tikzlibrarysvg.path.code.tex
File: tikzlibrarysvg.path.code.tex 2023-01-15 v3.1.10 (3.1.10)
(/Users/erinbuchanan/Library/TinyTeX/texmf-dist/tex/generic/pgf/libraries/pgflibrarysvg.path.code.tex
File: pgflibrarysvg.path.code.tex 2023-01-15 v3.1.10 (3.1.10)
(/Users/erinbuchanan/Library/TinyTeX/texmf-dist/tex/generic/pgf/modules/pgfmoduleparser.code.tex
File: pgfmoduleparser.code.tex 2023-01-15 v3.1.10 (3.1.10)
\pgfparserdef@arg@count=\count307
)
\pgf@lib@svg@last@x=\dimen264
\pgf@lib@svg@last@y=\dimen265
\pgf@lib@svg@last@c@x=\dimen266
\pgf@lib@svg@last@c@y=\dimen267
\pgf@lib@svg@count=\count308
\pgf@lib@svg@max@num=\count309
)) (/Users/erinbuchanan/Library/TinyTeX/texmf-dist/tex/latex/booktabs/booktabs.sty
Package: booktabs 2020/01/12 v1.61803398 Publication quality tables
\heavyrulewidth=\dimen268
\lightrulewidth=\dimen269
\cmidrulewidth=\dimen270
\belowrulesep=\dimen271
\belowbottomsep=\dimen272
\aboverulesep=\dimen273
\abovetopsep=\dimen274
\cmidrulesep=\dimen275
\cmidrulekern=\dimen276
\defaultaddspace=\dimen277
\@cmidla=\count310
\@cmidlb=\count311
\@aboverulesep=\dimen278
\@belowrulesep=\dimen279
\@thisruleclass=\count312
\@lastruleclass=\count313
\@thisrulewidth=\dimen280
) (/Users/erinbuchanan/Library/TinyTeX/texmf-dist/tex/latex/threeparttable/threeparttable.sty
Package: threeparttable 2003/06/13  v 3.0
\@tempboxb=\box63
)
\b@level@one@skip=\skip62
\e@level@one@skip=\skip63
\b@level@two@skip=\skip64
\e@level@two@skip=\skip65
\b@level@three@skip=\skip66
\e@level@three@skip=\skip67
\b@level@four@skip=\skip68
\e@level@four@skip=\skip69
\b@level@five@skip=\skip70
\e@level@five@skip=\skip71
(/Users/erinbuchanan/Library/TinyTeX/texmf-dist/tex/latex/caption/caption.sty
Package: caption 2023/08/05 v3.6o Customizing captions (AR)
(/Users/erinbuchanan/Library/TinyTeX/texmf-dist/tex/latex/caption/caption3.sty
Package: caption3 2023/07/31 v2.4d caption3 kernel (AR)
\caption@tempdima=\dimen281
\captionmargin=\dimen282
\caption@leftmargin=\dimen283
\caption@rightmargin=\dimen284
\caption@width=\dimen285
\caption@indent=\dimen286
\caption@parindent=\dimen287
\caption@hangindent=\dimen288
Package caption Info: Standard document class detected.
)
\c@caption@flags=\count314
\c@continuedfloat=\count315
Package caption Info: hyperref package is loaded.
Package caption Info: threeparttable package is loaded.
)
\c@APAenum=\count316
\@text@par@indent=\skip72
\gr@box=\box64
\gr@boxwidth=\skip73
\gr@boxheight=\skip74
(/Users/erinbuchanan/Library/TinyTeX/texmf-dist/tex/latex/tools/bm.sty
Package: bm 2023/12/19 v1.2f Bold Symbol Support (DPC/FMi)
\symboldoperators=\mathgroup4
\symboldletters=\mathgroup5
\symboldsymbols=\mathgroup6
Package bm Info: No bold for \OMX/lmex/m/n, using \pmb.
LaTeX Font Info:    Redeclaring math alphabet \mathbf on input line 149.
)
\c@appendix=\count317
(/Users/erinbuchanan/Library/TinyTeX/texmf-dist/tex/latex/fancyhdr/fancyhdr.sty
Package: fancyhdr 2024/07/23 v4.3.1 Extensive control of page headers and footers
\f@nch@headwidth=\skip75
\f@nch@O@elh=\skip76
\f@nch@O@erh=\skip77
\f@nch@O@olh=\skip78
\f@nch@O@orh=\skip79
\f@nch@O@elf=\skip80
\f@nch@O@erf=\skip81
\f@nch@O@olf=\skip82
\f@nch@O@orf=\skip83
) (/Users/erinbuchanan/Library/TinyTeX/texmf-dist/tex/latex/endfloat/endfloat.sty
Package: endfloat 2019/04/15 v2.7 LaTeX2e package puts figures and tables at end (jdm)
\c@posttable=\count318
\efloat@postttt=\write4
\@ef@tttopen=\count319
\c@postfigure=\count320
\efloat@postfff=\write5
\@ef@fffopen=\count321
)) (/Users/erinbuchanan/Library/TinyTeX/texmf-dist/tex/latex/amsmath/amsmath.sty
Package: amsmath 2024/05/23 v2.17q AMS math features
\@mathmargin=\skip84
For additional information on amsmath, use the `?' option.
(/Users/erinbuchanan/Library/TinyTeX/texmf-dist/tex/latex/amsmath/amstext.sty
Package: amstext 2021/08/26 v2.01 AMS text
(/Users/erinbuchanan/Library/TinyTeX/texmf-dist/tex/latex/amsmath/amsgen.sty
File: amsgen.sty 1999/11/30 v2.0 generic functions
\@emptytoks=\toks31
\ex@=\dimen289
)) (/Users/erinbuchanan/Library/TinyTeX/texmf-dist/tex/latex/amsmath/amsbsy.sty
Package: amsbsy 1999/11/29 v1.2d Bold Symbols
LaTeX Info: Redefining \boldsymbol on input line 28.
\pmbraise@=\dimen290
) (/Users/erinbuchanan/Library/TinyTeX/texmf-dist/tex/latex/amsmath/amsopn.sty
Package: amsopn 2022/04/08 v2.04 operator names
)
\inf@bad=\count322
LaTeX Info: Redefining \frac on input line 233.
\uproot@=\count323
\leftroot@=\count324
LaTeX Info: Redefining \overline on input line 398.
LaTeX Info: Redefining \colon on input line 409.
\classnum@=\count325
\DOTSCASE@=\count326
LaTeX Info: Redefining \ldots on input line 495.
LaTeX Info: Redefining \dots on input line 498.
LaTeX Info: Redefining \cdots on input line 619.
\Mathstrutbox@=\box65
\strutbox@=\box66
LaTeX Info: Redefining \big on input line 721.
LaTeX Info: Redefining \Big on input line 722.
LaTeX Info: Redefining \bigg on input line 723.
LaTeX Info: Redefining \Bigg on input line 724.
\big@size=\dimen291
LaTeX Font Info:    Redeclaring font encoding OML on input line 742.
LaTeX Font Info:    Redeclaring font encoding OMS on input line 743.
\macc@depth=\count327
LaTeX Info: Redefining \bmod on input line 904.
LaTeX Info: Redefining \pmod on input line 909.
LaTeX Info: Redefining \smash on input line 939.
LaTeX Info: Redefining \relbar on input line 969.
LaTeX Info: Redefining \Relbar on input line 970.
\c@MaxMatrixCols=\count328
\dotsspace@=\muskip18
\c@parentequation=\count329
\dspbrk@lvl=\count330
\tag@help=\toks32
\row@=\count331
\column@=\count332
\maxfields@=\count333
\andhelp@=\toks33
\eqnshift@=\dimen292
\alignsep@=\dimen293
\tagshift@=\dimen294
\tagwidth@=\dimen295
\totwidth@=\dimen296
\lineht@=\dimen297
\@envbody=\toks34
\multlinegap=\skip85
\multlinetaggap=\skip86
\mathdisplay@stack=\toks35
LaTeX Info: Redefining \[ on input line 2953.
LaTeX Info: Redefining \] on input line 2954.
) (/Users/erinbuchanan/Library/TinyTeX/texmf-dist/tex/latex/amsfonts/amssymb.sty
Package: amssymb 2013/01/14 v3.01 AMS font symbols
(/Users/erinbuchanan/Library/TinyTeX/texmf-dist/tex/latex/amsfonts/amsfonts.sty
Package: amsfonts 2013/01/14 v3.01 Basic AMSFonts support
\symAMSa=\mathgroup7
\symAMSb=\mathgroup8
LaTeX Font Info:    Redeclaring math symbol \hbar on input line 98.
LaTeX Font Info:    Overwriting math alphabet `\mathfrak' in version `bold'
(Font)                  U/euf/m/n --> U/euf/b/n on input line 106.
)) (/Users/erinbuchanan/Library/TinyTeX/texmf-dist/tex/latex/base/fontenc.sty
Package: fontenc 2021/04/29 v2.0v Standard LaTeX package
) (/Users/erinbuchanan/Library/TinyTeX/texmf-dist/tex/latex/base/inputenc.sty
Package: inputenc 2024/02/08 v1.3d Input encoding file
\inpenc@prehook=\toks36
\inpenc@posthook=\toks37
) (/Users/erinbuchanan/Library/TinyTeX/texmf-dist/tex/latex/base/textcomp.sty
Package: textcomp 2024/04/24 v2.1b Standard LaTeX package
) (/Users/erinbuchanan/Library/TinyTeX/texmf-dist/tex/latex/microtype/microtype.sty
Package: microtype 2024/03/29 v3.1b Micro-typographical refinements (RS)
\MT@toks=\toks38
\MT@tempbox=\box67
\MT@count=\count334
LaTeX Info: Redefining \noprotrusionifhmode on input line 1061.
LaTeX Info: Redefining \leftprotrusion on input line 1062.
\MT@prot@toks=\toks39
LaTeX Info: Redefining \rightprotrusion on input line 1081.
LaTeX Info: Redefining \textls on input line 1392.
\MT@outer@kern=\dimen298
LaTeX Info: Redefining \textmicrotypecontext on input line 2013.
\MT@listname@count=\count335
(/Users/erinbuchanan/Library/TinyTeX/texmf-dist/tex/latex/microtype/microtype-pdftex.def
File: microtype-pdftex.def 2024/03/29 v3.1b Definitions specific to pdftex (RS)
LaTeX Info: Redefining \lsstyle on input line 902.
LaTeX Info: Redefining \lslig on input line 902.
\MT@outer@space=\skip87
)
Package microtype Info: Loading configuration file microtype.cfg.
(/Users/erinbuchanan/Library/TinyTeX/texmf-dist/tex/latex/microtype/microtype.cfg
File: microtype.cfg 2024/03/29 v3.1b microtype main configuration file (RS)
)) (/Users/erinbuchanan/Library/TinyTeX/texmf-dist/tex/latex/parskip/parskip.sty
Package: parskip 2021-03-14 v2.0h non-zero parskip adjustments
) (/Users/erinbuchanan/Library/TinyTeX/texmf-dist/tex/latex/fancyvrb/fancyvrb.sty
Package: fancyvrb 2024/01/20 4.5c verbatim text (tvz,hv)
\FV@CodeLineNo=\count336
\FV@InFile=\read3
\FV@TabBox=\box68
\c@FancyVerbLine=\count337
\FV@StepNumber=\count338
\FV@OutFile=\write6
) (/Users/erinbuchanan/Library/TinyTeX/texmf-dist/tex/latex/framed/framed.sty
Package: framed 2011/10/22 v 0.96: framed or shaded text with page breaks
\OuterFrameSep=\skip88
\fb@frw=\dimen299
\fb@frh=\dimen300
\FrameRule=\dimen301
\FrameSep=\dimen302
)
\pandoc@box=\box69
\cslhangindent=\skip89
\csllabelwidth=\skip90
(/Users/erinbuchanan/Library/TinyTeX/texmf-dist/tex/generic/babel/babel.sty
Package: babel 2024/06/26 v24.7 The Babel package
\babel@savecnt=\count339
\U@D=\dimen303
\l@unhyphenated=\language5
(/Users/erinbuchanan/Library/TinyTeX/texmf-dist/tex/generic/babel/txtbabel.def)
\bbl@readstream=\read4
\bbl@dirlevel=\count340
Package babel Info: You haven't specified a language as a class or package
(babel)             option. I'll load 'nil'. Reported on input line 4269.
(/Users/erinbuchanan/Library/TinyTeX/texmf-dist/tex/generic/babel/nil.ldf
Language: nil 2024/06/26 v24.7 Nil language
\l@nil=\language6
))
\everypar=\toks40
(/Users/erinbuchanan/Library/TinyTeX/texmf-dist/tex/generic/babel/locale/en/babel-english.tex)
Package babel Info: Importing data for english
(babel)             from babel-en.ini. Reported on input line 159.
(/Users/erinbuchanan/Library/TinyTeX/texmf-dist/tex/latex/was/upgreek.sty
Package: upgreek 2003/02/12 v2.0 (WaS)
Package upgreek Info: Using Euler Roman for upright Greek on input line 31.
\symugrf@m=\mathgroup9
LaTeX Font Info:    Overwriting symbol font `ugrf@m' in version `bold'
(Font)                  U/eur/m/n --> U/eur/b/n on input line 38.
) (/Users/erinbuchanan/Library/TinyTeX/texmf-dist/tex/latex/tools/longtable.sty
Package: longtable 2024-04-26 v4.20 Multi-page Table package (DPC)
\LTleft=\skip91
\LTright=\skip92
\LTpre=\skip93
\LTpost=\skip94
\LTchunksize=\count341
\LTcapwidth=\dimen304
\LT@head=\box70
\LT@firsthead=\box71
\LT@foot=\box72
\LT@lastfoot=\box73
\LT@gbox=\box74
\LT@cols=\count342
\LT@rows=\count343
\c@LT@tables=\count344
\c@LT@chunks=\count345
\LT@p@ftn=\toks41
) (/Users/erinbuchanan/Library/TinyTeX/texmf-dist/tex/latex/graphics/lscape.sty
Package: lscape 2020/05/28 v3.02 Landscape Pages (DPC)
) (/Users/erinbuchanan/Library/TinyTeX/texmf-dist/tex/latex/multirow/multirow.sty
Package: multirow 2021/03/15 v2.8 Span multiple rows of a table
\multirow@colwidth=\skip95
\multirow@cntb=\count346
\multirow@dima=\skip96
\bigstrutjot=\dimen305
) (/Users/erinbuchanan/Library/TinyTeX/texmf-dist/tex/latex/tools/tabularx.sty
Package: tabularx 2023/12/11 v2.12a `tabularx' package (DPC)
(/Users/erinbuchanan/Library/TinyTeX/texmf-dist/tex/latex/tools/array.sty
Package: array 2024/06/14 v2.6d Tabular extension package (FMi)
\col@sep=\dimen306
\ar@mcellbox=\box75
\extrarowheight=\dimen307
\NC@list=\toks42
\extratabsurround=\skip97
\backup@length=\skip98
\ar@cellbox=\box76
)
\TX@col@width=\dimen308
\TX@old@table=\dimen309
\TX@old@col=\dimen310
\TX@target=\dimen311
\TX@delta=\dimen312
\TX@cols=\count347
\TX@ftn=\toks43
) (/Users/erinbuchanan/Library/TinyTeX/texmf-dist/tex/latex/threeparttablex/threeparttablex.sty
Package: threeparttablex 2013/07/23 v0.3 by daleif
(/Users/erinbuchanan/Library/TinyTeX/texmf-dist/tex/latex/environ/environ.sty
Package: environ 2014/05/04 v0.3 A new way to define environments
(/Users/erinbuchanan/Library/TinyTeX/texmf-dist/tex/latex/trimspaces/trimspaces.sty
Package: trimspaces 2009/09/17 v1.1 Trim spaces around a token list
))
\TPTL@width=\skip99
)
\longtablewidth=\skip100
Failed to patch abstract.
Failed to patch title.
(/Users/erinbuchanan/Library/TinyTeX/texmf-dist/tex/latex/xpatch/xpatch.sty (/Users/erinbuchanan/Library/TinyTeX/texmf-dist/tex/latex/l3kernel/expl3.sty
Package: expl3 2024-05-27 L3 programming layer (loader) 
(/Users/erinbuchanan/Library/TinyTeX/texmf-dist/tex/latex/l3backend/l3backend-pdftex.def
File: l3backend-pdftex.def 2024-05-08 L3 backend support: PDF output (pdfTeX)
\l__color_backend_stack_int=\count348
\l__pdf_internal_box=\box77
))
Package: xpatch 2020/03/25 v0.3a Extending etoolbox patching commands
(/Users/erinbuchanan/Library/TinyTeX/texmf-dist/tex/latex/l3packages/xparse/xparse.sty
Package: xparse 2024-05-08 L3 Experimental document command parser
)) (/Users/erinbuchanan/Library/TinyTeX/texmf-dist/tex/latex/lineno/lineno.sty
Package: lineno 2023/05/20 line numbers on paragraphs v5.3
\linenopenalty=\count349
\output=\toks44
\linenoprevgraf=\count350
\linenumbersep=\dimen313
\linenumberwidth=\dimen314
\c@linenumber=\count351
\c@pagewiselinenumber=\count352
\c@LN@truepage=\count353
\c@internallinenumber=\count354
\c@internallinenumbers=\count355
\quotelinenumbersep=\dimen315
\bframerule=\dimen316
\bframesep=\dimen317
\bframebox=\box78
\linenoamsmath@ams@eqpen=\count356
LaTeX Info: Redefining \\ on input line 3180.
) (/Users/erinbuchanan/Library/TinyTeX/texmf-dist/tex/latex/csquotes/csquotes.sty
Package: csquotes 2024-04-04 v5.2o context-sensitive quotations (JAW)
\csq@reset=\count357
\csq@gtype=\count358
\csq@glevel=\count359
\csq@qlevel=\count360
\csq@maxlvl=\count361
\csq@tshold=\count362
\csq@ltx@everypar=\toks45
(/Users/erinbuchanan/Library/TinyTeX/texmf-dist/tex/latex/csquotes/csquotes.def
File: csquotes.def 2024-04-04 v5.2o csquotes generic definitions (JAW)
)
Package csquotes Info: Trying to load configuration file 'csquotes.cfg'...
Package csquotes Info: ... configuration file loaded successfully.
(/Users/erinbuchanan/Library/TinyTeX/texmf-dist/tex/latex/csquotes/csquotes.cfg
File: csquotes.cfg 
)) (/Users/erinbuchanan/Library/TinyTeX/texmf-dist/tex/latex/bookmark/bookmark.sty
Package: bookmark 2023-12-10 v1.31 PDF bookmarks (HO)
(/Users/erinbuchanan/Library/TinyTeX/texmf-dist/tex/latex/bookmark/bkm-pdftex.def
File: bkm-pdftex.def 2023-12-10 v1.31 bookmark driver for pdfTeX and luaTeX (HO)
\BKM@id=\count363
))
\c@NumberOfAuthors=\count364
\c@NumberOfSuperscripts=\count365

Class apa7 Warning: Deprecated: see documentation for \authorsaffiliations on input line 279.

\c@NumberOfAffiliations=\count366
Package csquotes Info: Checking for multilingual support...
Package csquotes Info: ... found 'babel' package.
Package csquotes Info: Adjusting default style.
Package csquotes Info: Redefining alias 'default' -> 'english'.
(./manuscript.aux)
\openout1 = `manuscript.aux'.

LaTeX Font Info:    Checking defaults for OML/cmm/m/it on input line 287.
LaTeX Font Info:    ... okay on input line 287.
LaTeX Font Info:    Checking defaults for OMS/cmsy/m/n on input line 287.
LaTeX Font Info:    ... okay on input line 287.
LaTeX Font Info:    Checking defaults for OT1/cmr/m/n on input line 287.
LaTeX Font Info:    ... okay on input line 287.
LaTeX Font Info:    Checking defaults for T1/cmr/m/n on input line 287.
LaTeX Font Info:    ... okay on input line 287.
LaTeX Font Info:    Checking defaults for TS1/cmr/m/n on input line 287.
LaTeX Font Info:    ... okay on input line 287.
LaTeX Font Info:    Checking defaults for OMX/cmex/m/n on input line 287.
LaTeX Font Info:    ... okay on input line 287.
LaTeX Font Info:    Checking defaults for U/cmr/m/n on input line 287.
LaTeX Font Info:    ... okay on input line 287.
LaTeX Font Info:    Checking defaults for PD1/pdf/m/n on input line 287.
LaTeX Font Info:    ... okay on input line 287.
LaTeX Font Info:    Checking defaults for PU/pdf/m/n on input line 287.
LaTeX Font Info:    ... okay on input line 287.
*geometry* driver: auto-detecting
*geometry* detected driver: pdftex
*geometry* verbose mode - [ preamble ] result:
* driver: pdftex
* paper: <default>
* layout: <same size as paper>
* layoutoffset:(h,v)=(0.0pt,0.0pt)
* modes: twoside 
* h-part:(L,W,R)=(72.26999pt, 469.75502pt, 72.26999pt)
* v-part:(T,H,B)=(72.26999pt, 650.43001pt, 72.26999pt)
* \paperwidth=614.295pt
* \paperheight=794.96999pt
* \textwidth=469.75502pt
* \textheight=650.43001pt
* \oddsidemargin=0.0pt
* \evensidemargin=0.0pt
* \topmargin=-37.0pt
* \headheight=15.2pt
* \headsep=25.0pt
* \topskip=12.0pt
* \footskip=30.0pt
* \marginparwidth=95.0pt
* \marginparsep=10.0pt
* \columnsep=10.0pt
* \skip\footins=10.8pt plus 4.0pt minus 2.0pt
* \hoffset=0.0pt
* \voffset=0.0pt
* \mag=1000
* \@twocolumnfalse
* \@twosidetrue
* \@mparswitchtrue
* \@reversemarginfalse
* (1in=72.27pt=25.4mm, 1cm=28.453pt)

(/Users/erinbuchanan/Library/TinyTeX/texmf-dist/tex/latex/epstopdf-pkg/epstopdf-base.sty
Package: epstopdf-base 2020-01-24 v2.11 Base part for package epstopdf
Package epstopdf-base Info: Redefining graphics rule for `.eps' on input line 485.
(/Users/erinbuchanan/Library/TinyTeX/texmf-dist/tex/latex/latexconfig/epstopdf-sys.cfg
File: epstopdf-sys.cfg 2010/07/13 v1.3 Configuration of (r)epstopdf for TeX Live
))
Package hyperref Info: Link coloring OFF on input line 287.
(/Users/erinbuchanan/Library/TinyTeX/texmf-dist/tex/latex/apa7/config/APA7english.txt
File: APA7english.txt 2020/12/02 v1.02 apa7 configuration for non-American English
)
Package caption Info: Begin \AtBeginDocument code.
Package caption Info: longtable package is loaded.
(/Users/erinbuchanan/Library/TinyTeX/texmf-dist/tex/latex/caption/ltcaption.sty
Package: ltcaption 2021/01/08 v1.4c longtable captions (AR)
)
Package caption Info: End \AtBeginDocument code.
LaTeX Info: Redefining \microtypecontext on input line 287.
Package microtype Info: Applying patch `item' on input line 287.
Package microtype Info: Applying patch `toc' on input line 287.
Package microtype Info: Applying patch `eqnum' on input line 287.
Package microtype Info: Applying patch `footnote' on input line 287.
Package microtype Info: Applying patch `verbatim' on input line 287.
Package microtype Info: Generating PDF output.
Package microtype Info: Character protrusion enabled (level 2).
Package microtype Info: Using protrusion set `basicmath'.
Package microtype Info: Automatic font expansion enabled (level 2),
(microtype)             stretch: 20, shrink: 20, step: 1, non-selected.
Package microtype Info: Using default expansion set `alltext-nott'.
LaTeX Info: Redefining \showhyphens on input line 287.
Package microtype Info: No adjustment of tracking.
Package microtype Info: No adjustment of interword spacing.
Package microtype Info: No adjustment of character kerning.
(/Users/erinbuchanan/Library/TinyTeX/texmf-dist/tex/latex/microtype/mt-cmr.cfg
File: mt-cmr.cfg 2013/05/19 v2.2 microtype config. file: Computer Modern Roman (RS)
)
LaTeX Font Info:    Trying to load font information for T1+lmss on input line 288.
(/Users/erinbuchanan/Library/TinyTeX/texmf-dist/tex/latex/lm/t1lmss.fd
File: t1lmss.fd 2015/05/01 v1.6.1 Font defs for Latin Modern
)
LaTeX Font Info:    Trying to load font information for OT1+lmr on input line 288.
(/Users/erinbuchanan/Library/TinyTeX/texmf-dist/tex/latex/lm/ot1lmr.fd
File: ot1lmr.fd 2015/05/01 v1.6.1 Font defs for Latin Modern
)
LaTeX Font Info:    Trying to load font information for OML+lmm on input line 288.
(/Users/erinbuchanan/Library/TinyTeX/texmf-dist/tex/latex/lm/omllmm.fd
File: omllmm.fd 2015/05/01 v1.6.1 Font defs for Latin Modern
)
LaTeX Font Info:    Trying to load font information for OMS+lmsy on input line 288.
(/Users/erinbuchanan/Library/TinyTeX/texmf-dist/tex/latex/lm/omslmsy.fd
File: omslmsy.fd 2015/05/01 v1.6.1 Font defs for Latin Modern
)
LaTeX Font Info:    Trying to load font information for OMX+lmex on input line 288.
(/Users/erinbuchanan/Library/TinyTeX/texmf-dist/tex/latex/lm/omxlmex.fd
File: omxlmex.fd 2015/05/01 v1.6.1 Font defs for Latin Modern
)
LaTeX Font Info:    External font `lmex10' loaded for size
(Font)              <12> on input line 288.
LaTeX Font Info:    External font `lmex10' loaded for size
(Font)              <8> on input line 288.
LaTeX Font Info:    External font `lmex10' loaded for size
(Font)              <6> on input line 288.
LaTeX Font Info:    Trying to load font information for U+msa on input line 288.
(/Users/erinbuchanan/Library/TinyTeX/texmf-dist/tex/latex/amsfonts/umsa.fd
File: umsa.fd 2013/01/14 v3.01 AMS symbols A
) (/Users/erinbuchanan/Library/TinyTeX/texmf-dist/tex/latex/microtype/mt-msa.cfg
File: mt-msa.cfg 2006/02/04 v1.1 microtype config. file: AMS symbols (a) (RS)
)
LaTeX Font Info:    Trying to load font information for U+msb on input line 288.
(/Users/erinbuchanan/Library/TinyTeX/texmf-dist/tex/latex/amsfonts/umsb.fd
File: umsb.fd 2013/01/14 v3.01 AMS symbols B
) (/Users/erinbuchanan/Library/TinyTeX/texmf-dist/tex/latex/microtype/mt-msb.cfg
File: mt-msb.cfg 2005/06/01 v1.0 microtype config. file: AMS symbols (b) (RS)
) (/Users/erinbuchanan/Library/TinyTeX/texmf-dist/tex/latex/microtype/mt-eur.cfg
File: mt-eur.cfg 2006/07/31 v1.1 microtype config. file: AMS Euler Roman (RS)
)

[1{/Users/erinbuchanan/Library/TinyTeX/texmf-var/fonts/map/pdftex/updmap/pdftex.map}{/Users/erinbuchanan/Library/TinyTeX/texmf-dist/fonts/enc/dvips/lm/lm-ec.enc}

]
LaTeX Font Info:    Trying to load font information for T1+lmtt on input line 288.
(/Users/erinbuchanan/Library/TinyTeX/texmf-dist/tex/latex/lm/t1lmtt.fd
File: t1lmtt.fd 2015/05/01 v1.6.1 Font defs for Latin Modern
)

[2]
Underfull \vbox (badness 10000) has occurred while \output is active []



[3]
Underfull \vbox (badness 4752) has occurred while \output is active []



[4{/Users/erinbuchanan/Library/TinyTeX/texmf-dist/fonts/enc/dvips/lm/lm-mathit.enc}]

[5]
Underfull \vbox (badness 10000) has occurred while \output is active []



[6]
Underfull \vbox (badness 10000) has occurred while \output is active []



[7]

[8{/Users/erinbuchanan/Library/TinyTeX/texmf-dist/fonts/enc/dvips/lm/lm-rm.enc}]
LaTeX Font Info:    Font shape `T1/lmtt/bx/n' in size <12> not available
(Font)              Font shape `T1/lmtt/b/n' tried instead on input line 343.

Underfull \vbox (badness 1430) has occurred while \output is active []



[9]
Underfull \vbox (badness 1681) has occurred while \output is active []



[10]

[11]
Underfull \vbox (badness 4752) has occurred while \output is active []



[12]
\openout5 = `manuscript.fff'.

(manuscript.fff)

[13{/Users/erinbuchanan/Library/TinyTeX/texmf-dist/fonts/enc/dvips/lm/lm-mathsy.enc}]
Underfull \vbox (badness 10000) has occurred while \output is active []



[14]

[15]

[16]
\openout4 = `manuscript.ttt'.

(manuscript.ttt)
Underfull \vbox (badness 4752) has occurred while \output is active []



[17]

[18]
Underfull \vbox (badness 10000) has occurred while \output is active []



[19]
Underfull \vbox (badness 4752) has occurred while \output is active []



[20]
Underfull \vbox (badness 10000) has occurred while \output is active []



[21]

[22]

[23]
Underfull \vbox (badness 10000) has occurred while \output is active []



[24]
Underfull \vbox (badness 10000) has occurred while \output is active []



[25]
Underfull \vbox (badness 10000) has occurred while \output is active []



[26]
Underfull \vbox (badness 10000) has occurred while \output is active []



[27]
Underfull \vbox (badness 10000) has occurred while \output is active []



[28]
Underfull \vbox (badness 10000) has occurred while \output is active []



[29]

[30] (./manuscript.ttt

[31

])

[32

] (./manuscript.fff
<figures/invariant-visual.png, id=357, 578.16pt x 254.8722pt>
File: figures/invariant-visual.png Graphic file (type png)
<use figures/invariant-visual.png>
Package pdftex.def Info: figures/invariant-visual.png  used on input line 5.
(pdftex.def)             Requested size: 578.15858pt x 254.87157pt.


[33

 <./figures/invariant-visual.png>]
<figures/boot-partial-invariance.png, id=365, 578.16pt x 254.8722pt>
File: figures/boot-partial-invariance.png Graphic file (type png)
<use figures/boot-partial-invariance.png>
Package pdftex.def Info: figures/boot-partial-invariance.png  used on input line 14.
(pdftex.def)             Requested size: 578.15858pt x 254.87157pt.


[34

 <./figures/boot-partial-invariance.png>]
<figures/boot-partial-density.png, id=370, 578.16pt x 254.8722pt>
File: figures/boot-partial-density.png Graphic file (type png)
<use figures/boot-partial-density.png>
Package pdftex.def Info: figures/boot-partial-density.png  used on input line 23.
(pdftex.def)             Requested size: 578.15858pt x 254.87157pt.


[35

 <./figures/boot-partial-density.png>]
<figures/boot-partial-effects.png, id=376, 578.16pt x 288.8391pt>
File: figures/boot-partial-effects.png Graphic file (type png)
<use figures/boot-partial-effects.png>
Package pdftex.def Info: figures/boot-partial-effects.png  used on input line 32.
(pdftex.def)             Requested size: 578.15858pt x 288.83838pt.


[36

 <./figures/boot-partial-effects.png>]
<manuscript_files/figure-latex/rs7-img-1.pdf, id=381, 469.755pt x 578.16pt>
File: manuscript_files/figure-latex/rs7-img-1.pdf Graphic file (type pdf)
<use manuscript_files/figure-latex/rs7-img-1.pdf>
Package pdftex.def Info: manuscript_files/figure-latex/rs7-img-1.pdf  used on input line 41.
(pdftex.def)             Requested size: 469.75386pt x 578.15858pt.

LaTeX Warning: Float too large for page by 2.12735pt on input line 43.



[37 <./manuscript_files/figure-latex/rs7-img-1.pdf>]
<manuscript_files/figure-latex/rs6-img-1.pdf, id=395, 469.755pt x 578.16pt>
File: manuscript_files/figure-latex/rs6-img-1.pdf Graphic file (type pdf)
<use manuscript_files/figure-latex/rs6-img-1.pdf>
Package pdftex.def Info: manuscript_files/figure-latex/rs6-img-1.pdf  used on input line 50.
(pdftex.def)             Requested size: 469.75386pt x 578.15858pt.

LaTeX Warning: Float too large for page by 2.12735pt on input line 52.



[38 <./manuscript_files/figure-latex/rs6-img-1.pdf>]
<manuscript_files/figure-latex/rs-partial-pic-1.pdf, id=408, 469.755pt x 325.215pt>
File: manuscript_files/figure-latex/rs-partial-pic-1.pdf Graphic file (type pdf)
<use manuscript_files/figure-latex/rs-partial-pic-1.pdf>
Package pdftex.def Info: manuscript_files/figure-latex/rs-partial-pic-1.pdf  used on input line 59.
(pdftex.def)             Requested size: 469.75386pt x 325.2142pt.


[39



 <./manuscript_files/figure-latex/rs-partial-pic-1.pdf>]
<manuscript_files/figure-latex/rs-partial-pic2-1.pdf, id=418, 469.755pt x 325.215pt>
File: manuscript_files/figure-latex/rs-partial-pic2-1.pdf Graphic file (type pdf)
<use manuscript_files/figure-latex/rs-partial-pic2-1.pdf>
Package pdftex.def Info: manuscript_files/figure-latex/rs-partial-pic2-1.pdf  used on input line 68.
(pdftex.def)             Requested size: 469.75386pt x 325.2142pt.


[40

 <./manuscript_files/figure-latex/rs-partial-pic2-1.pdf>]
<figures/rs14-chinese-RS2.png, id=431, 578.16pt x 324.9741pt>
File: figures/rs14-chinese-RS2.png Graphic file (type png)
<use figures/rs14-chinese-RS2.png>
Package pdftex.def Info: figures/rs14-chinese-RS2.png  used on input line 77.
(pdftex.def)             Requested size: 578.15858pt x 324.97331pt.


[41

 <./figures/rs14-chinese-RS2.png>]
<figures/rs14-chinese-effect_invariance_plot.png, id=437, 578.16pt x 324.9741pt>
File: figures/rs14-chinese-effect_invariance_plot.png Graphic file (type png)
<use figures/rs14-chinese-effect_invariance_plot.png>
Package pdftex.def Info: figures/rs14-chinese-effect_invariance_plot.png  used on input line 86.
(pdftex.def)             Requested size: 578.15858pt x 324.97331pt.
)

[42

 <./figures/rs14-chinese-effect_invariance_plot.png>]

Package hyperref Warning: Token not allowed in a PDF string (Unicode):
(hyperref)                removing `\\' on input line 849.

LaTeX Font Info:    Font shape `T1/lmtt/bx/n' in size <10.95> not available
(Font)              Font shape `T1/lmtt/b/n' tried instead on input line 879.


[43

]

[44]
Underfull \vbox (badness 10000) detected at line 945
 []


Underfull \vbox (badness 10000) has occurred while \output is active []



[45]

[46]
Underfull \vbox (badness 5388) has occurred while \output is active []



[47]

[48]
Overfull \hbox (42.77023pt too wide) in paragraph at lines 1083--1083
[]\T1/lmtt/m/n/12 ##    term       op    estimate std.error statistic   p.value  std.lv std.all model[] 
 []


Overfull \hbox (42.77023pt too wide) in paragraph at lines 1083--1083
[]\T1/lmtt/m/n/12 ##    <chr>      <chr>    <dbl>     <dbl>     <dbl>     <dbl>   <dbl>   <dbl> <chr>[] 
 []


Overfull \hbox (42.75623pt too wide) in paragraph at lines 1083--1083
[]\T1/lmtt/m/n/12 ##  1 "lv =~ q1" =~      1         0         NA     NA         0.803   0.616  Over~[] 
 []


Overfull \hbox (42.74222pt too wide) in paragraph at lines 1083--1083
[]\T1/lmtt/m/n/12 ##  2 "lv =~ q2" =~      0.655     0.0880     7.44   9.77e-14  0.526   0.493  Over~[] 
 []


Overfull \hbox (42.74922pt too wide) in paragraph at lines 1083--1083
[]\T1/lmtt/m/n/12 ##  3 "lv =~ q3" =~      0.640     0.0895     7.15   8.83e-13  0.514   0.463  Over~[] 
 []


Overfull \hbox (42.74222pt too wide) in paragraph at lines 1083--1083
[]\T1/lmtt/m/n/12 ##  4 "lv =~ q4" =~      0.277     0.0749     3.69   2.24e- 4  0.222   0.209  Over~[] 
 []


Overfull \hbox (42.72821pt too wide) in paragraph at lines 1083--1083
[]\T1/lmtt/m/n/12 ##  5 "lv =~ q5" =~      0.955     0.117      8.13   4.44e-16  0.766   0.656  Over~[] 
 []


Overfull \hbox (42.76323pt too wide) in paragraph at lines 1083--1083
[]\T1/lmtt/m/n/12 ##  6 "q1 ~1 "   ~1      0         0         NA     NA         0       0      Over~[] 
 []


Overfull \hbox (42.76323pt too wide) in paragraph at lines 1083--1083
[]\T1/lmtt/m/n/12 ##  7 "lv ~1 "   ~1     -0.0305    0.0582    -0.524  6.00e- 1 -0.0380 -0.0380 Over~[] 
 []


Overfull \hbox (42.74222pt too wide) in paragraph at lines 1083--1083
[]\T1/lmtt/m/n/12 ##  8 "q1 ~~ q1" ~~      1.05      0.0995    10.6    0         1.05    0.620  Over~[] 
 []


Overfull \hbox (42.74222pt too wide) in paragraph at lines 1083--1083
[]\T1/lmtt/m/n/12 ##  9 "q2 ~~ q2" ~~      0.860     0.0653    13.2    0         0.860   0.757  Over~[] 
 []


Overfull \hbox (42.7212pt too wide) in paragraph at lines 1083--1083
[]\T1/lmtt/m/n/12 ## 10 "q3 ~~ q3" ~~      0.966     0.0711    13.6    0         0.966   0.785  Over~[] 
 []


Underfull \vbox (badness 2469) has occurred while \output is active []



[49]
Overfull \hbox (11.89522pt too wide) in paragraph at lines 1115--1115
[]\T1/lmtt/m/n/12 ##    agfi   AIC   BIC   cfi  chisq  npar  rmsea rmsea.conf.high    srmr   tli[] 
 []


Overfull \hbox (11.89522pt too wide) in paragraph at lines 1115--1115
[]\T1/lmtt/m/n/12 ##   <dbl> <dbl> <dbl> <dbl>  <dbl> <dbl>  <dbl>           <dbl>   <dbl> <dbl>[] 
 []


Overfull \hbox (5.67819pt too wide) in paragraph at lines 1115--1115
[]\T1/lmtt/m/n/12 ## 1 0.998 7516. 7580. 1      0.650    15 0               0      0.00616 1.04[] 
 []


Overfull \hbox (11.83919pt too wide) in paragraph at lines 1115--1115
[]\T1/lmtt/m/n/12 ## 2 0.948 3766. 3819. 0.976  7.79     15 0.0473          0.108  0.0312  0.953[] 
 []


Overfull \hbox (5.7062pt too wide) in paragraph at lines 1115--1115
[]\T1/lmtt/m/n/12 ## 3 0.974 3768. 3820. 1      4.48     15 0               0.0831 0.0210  1.01[] 
 []


Overfull \hbox (11.83919pt too wide) in paragraph at lines 1115--1115
[]\T1/lmtt/m/n/12 ## 4 0.961 7533. 7660. 0.991 12.3      30 0.0301          0.0785 0.0261  0.982[] 
 []


Overfull \hbox (11.82518pt too wide) in paragraph at lines 1115--1115
[]\T1/lmtt/m/n/12 ## 5 0.965 7528. 7638. 0.994 15.4      26 0.0200          0.0660 0.0330  0.992[] 
 []


Overfull \hbox (5.6852pt too wide) in paragraph at lines 1115--1115
[]\T1/lmtt/m/n/12 ## 6 0.969 7522. 7615. 1     17.3      22 0               0.0542 0.0352  1.00[] 
 []


Overfull \hbox (36.59523pt too wide) in paragraph at lines 1115--1115
[]\T1/lmtt/m/n/12 ## #   missing_method <chr>, nobs <int>, norig <int>, nexcluded <int>, model <chr>[] 
 []


Underfull \vbox (badness 1968) has occurred while \output is active []



[50]

[51]
Underfull \vbox (badness 10000) has occurred while \output is active []



[52]

[53]
Underfull \vbox (badness 10000) has occurred while \output is active []



[54]
Underfull \vbox (badness 10000) detected at line 1358
 []


Underfull \vbox (badness 10000) has occurred while \output is active []



[55]
<manuscript_files/figure-latex/invariant-pic-app-1.pdf, id=532, 469.755pt x 325.215pt>
File: manuscript_files/figure-latex/invariant-pic-app-1.pdf Graphic file (type pdf)
<use manuscript_files/figure-latex/invariant-pic-app-1.pdf>
Package pdftex.def Info: manuscript_files/figure-latex/invariant-pic-app-1.pdf  used on input line 1377.
(pdftex.def)             Requested size: 469.75386pt x 325.2142pt.


[56]
Underfull \vbox (badness 5091) has occurred while \output is active []



[57 <./manuscript_files/figure-latex/invariant-pic-app-1.pdf>]

[58]
Underfull \vbox (badness 4647) detected at line 1451
 []


Underfull \vbox (badness 2961) has occurred while \output is active []



[59]

[60]
Underfull \vbox (badness 10000) detected at line 1495
 []


Underfull \vbox (badness 2547) has occurred while \output is active []



[61]

[62]

[63]
Overfull \hbox (5.72021pt too wide) in paragraph at lines 1602--1602
[]\T1/lmtt/m/n/12 ##       term non_invariant random_non_invariant    h_nmi      h_mi   h_nmi_p[] 
 []


Overfull \hbox (5.6992pt too wide) in paragraph at lines 1602--1602
[]\T1/lmtt/m/n/12 ## 1 lv =~ q1         0.853                0.236 1.340078 -1.340078 0.4265601[] 
 []


Overfull \hbox (5.6922pt too wide) in paragraph at lines 1602--1602
[]\T1/lmtt/m/n/12 ## 2 lv =~ q2         0.858                0.237 1.351946 -1.351946 0.4303378[] 
 []


Overfull \hbox (5.6852pt too wide) in paragraph at lines 1602--1602
[]\T1/lmtt/m/n/12 ## 3 lv =~ q3         0.851                0.230 1.348639 -1.348639 0.4292851[] 
 []


Overfull \hbox (5.71321pt too wide) in paragraph at lines 1602--1602
[]\T1/lmtt/m/n/12 ## 4 lv =~ q4         0.840                0.229 1.320578 -1.320578 0.4203530[] 
 []


Overfull \hbox (5.67819pt too wide) in paragraph at lines 1602--1602
[]\T1/lmtt/m/n/12 ## 5 lv =~ q5         0.819                0.237 1.245789 -1.245789 0.3965468[] 
 []


Underfull \vbox (badness 10000) has occurred while \output is active []



[64]
<manuscript_files/figure-latex/invariance-partial-fig-app-1.pdf, id=596, 469.755pt x 325.215pt>
File: manuscript_files/figure-latex/invariance-partial-fig-app-1.pdf Graphic file (type pdf)
<use manuscript_files/figure-latex/invariance-partial-fig-app-1.pdf>
Package pdftex.def Info: manuscript_files/figure-latex/invariance-partial-fig-app-1.pdf  used on input line 1608.
(pdftex.def)             Requested size: 469.75386pt x 325.2142pt.
<manuscript_files/figure-latex/density-partial-fig-app-1.pdf, id=597, 469.755pt x 325.215pt>
File: manuscript_files/figure-latex/density-partial-fig-app-1.pdf Graphic file (type pdf)
<use manuscript_files/figure-latex/density-partial-fig-app-1.pdf>
Package pdftex.def Info: manuscript_files/figure-latex/density-partial-fig-app-1.pdf  used on input line 1614.
(pdftex.def)             Requested size: 469.75386pt x 325.2142pt.
<manuscript_files/figure-latex/effect-partial-fig-app-1.pdf, id=598, 469.755pt x 325.215pt>
File: manuscript_files/figure-latex/effect-partial-fig-app-1.pdf Graphic file (type pdf)
<use manuscript_files/figure-latex/effect-partial-fig-app-1.pdf>
Package pdftex.def Info: manuscript_files/figure-latex/effect-partial-fig-app-1.pdf  used on input line 1620.
(pdftex.def)             Requested size: 469.75386pt x 325.2142pt.


[65]

[66 <./manuscript_files/figure-latex/invariance-partial-fig-app-1.pdf>]

[67 <./manuscript_files/figure-latex/density-partial-fig-app-1.pdf>]

[68 <./manuscript_files/figure-latex/effect-partial-fig-app-1.pdf>]

Package hyperref Warning: Token not allowed in a PDF string (Unicode):
(hyperref)                removing `\\' on input line 1624.



[69

]
Underfull \vbox (badness 10000) has occurred while \output is active []



[70]
<manuscript_files/figure-latex/small-load-pic-1.pdf, id=656, 469.755pt x 325.215pt>
File: manuscript_files/figure-latex/small-load-pic-1.pdf Graphic file (type pdf)
<use manuscript_files/figure-latex/small-load-pic-1.pdf>
Package pdftex.def Info: manuscript_files/figure-latex/small-load-pic-1.pdf  used on input line 1644.
(pdftex.def)             Requested size: 469.75386pt x 325.2142pt.
<manuscript_files/figure-latex/med-load-pic-1.pdf, id=657, 469.755pt x 325.215pt>
File: manuscript_files/figure-latex/med-load-pic-1.pdf Graphic file (type pdf)
<use manuscript_files/figure-latex/med-load-pic-1.pdf>
Package pdftex.def Info: manuscript_files/figure-latex/med-load-pic-1.pdf  used on input line 1650.
(pdftex.def)             Requested size: 469.75386pt x 325.2142pt.
<manuscript_files/figure-latex/large-load-pic-1.pdf, id=658, 469.755pt x 325.215pt>
File: manuscript_files/figure-latex/large-load-pic-1.pdf Graphic file (type pdf)
<use manuscript_files/figure-latex/large-load-pic-1.pdf>
Package pdftex.def Info: manuscript_files/figure-latex/large-load-pic-1.pdf  used on input line 1656.
(pdftex.def)             Requested size: 469.75386pt x 325.2142pt.
<manuscript_files/figure-latex/small-int-pic-1.pdf, id=662, 469.755pt x 325.215pt>
File: manuscript_files/figure-latex/small-int-pic-1.pdf Graphic file (type pdf)
<use manuscript_files/figure-latex/small-int-pic-1.pdf>
Package pdftex.def Info: manuscript_files/figure-latex/small-int-pic-1.pdf  used on input line 1664.
(pdftex.def)             Requested size: 469.75386pt x 325.2142pt.
<manuscript_files/figure-latex/med-int-pic-1.pdf, id=663, 469.755pt x 325.215pt>
File: manuscript_files/figure-latex/med-int-pic-1.pdf Graphic file (type pdf)
<use manuscript_files/figure-latex/med-int-pic-1.pdf>
Package pdftex.def Info: manuscript_files/figure-latex/med-int-pic-1.pdf  used on input line 1670.
(pdftex.def)             Requested size: 469.75386pt x 325.2142pt.
<manuscript_files/figure-latex/large-int-pic-1.pdf, id=664, 469.755pt x 325.215pt>
File: manuscript_files/figure-latex/large-int-pic-1.pdf Graphic file (type pdf)
<use manuscript_files/figure-latex/large-int-pic-1.pdf>
Package pdftex.def Info: manuscript_files/figure-latex/large-int-pic-1.pdf  used on input line 1676.
(pdftex.def)             Requested size: 469.75386pt x 325.2142pt.


[71]

[72 <./manuscript_files/figure-latex/small-load-pic-1.pdf>]
<manuscript_files/figure-latex/small-res-pic-1.pdf, id=690, 469.755pt x 325.215pt>
File: manuscript_files/figure-latex/small-res-pic-1.pdf Graphic file (type pdf)
<use manuscript_files/figure-latex/small-res-pic-1.pdf>
Package pdftex.def Info: manuscript_files/figure-latex/small-res-pic-1.pdf  used on input line 1684.
(pdftex.def)             Requested size: 469.75386pt x 325.2142pt.
<manuscript_files/figure-latex/med-res-pic-1.pdf, id=691, 469.755pt x 325.215pt>
File: manuscript_files/figure-latex/med-res-pic-1.pdf Graphic file (type pdf)
<use manuscript_files/figure-latex/med-res-pic-1.pdf>
Package pdftex.def Info: manuscript_files/figure-latex/med-res-pic-1.pdf  used on input line 1690.
(pdftex.def)             Requested size: 469.75386pt x 325.2142pt.
<manuscript_files/figure-latex/large-res-pic-1.pdf, id=692, 469.755pt x 325.215pt>
File: manuscript_files/figure-latex/large-res-pic-1.pdf Graphic file (type pdf)
<use manuscript_files/figure-latex/large-res-pic-1.pdf>
Package pdftex.def Info: manuscript_files/figure-latex/large-res-pic-1.pdf  used on input line 1696.
(pdftex.def)             Requested size: 469.75386pt x 325.2142pt.


[73 <./manuscript_files/figure-latex/med-load-pic-1.pdf>]
<manuscript_files/figure-latex/boot-rr-pic-1.pdf, id=709, 469.755pt x 325.215pt>
File: manuscript_files/figure-latex/boot-rr-pic-1.pdf Graphic file (type pdf)
<use manuscript_files/figure-latex/boot-rr-pic-1.pdf>
Package pdftex.def Info: manuscript_files/figure-latex/boot-rr-pic-1.pdf  used on input line 1706.
(pdftex.def)             Requested size: 469.75386pt x 325.2142pt.

Underfull \vbox (badness 2990) has occurred while \output is active []



[74 <./manuscript_files/figure-latex/large-load-pic-1.pdf>]
Underfull \vbox (badness 10000) has occurred while \output is active []



[75 <./manuscript_files/figure-latex/small-int-pic-1.pdf>]

[76 <./manuscript_files/figure-latex/med-int-pic-1.pdf>]
Underfull \vbox (badness 10000) has occurred while \output is active []



[77 <./manuscript_files/figure-latex/large-int-pic-1.pdf>]
<manuscript_files/figure-latex/effect-large-loading-pic-1.pdf, id=765, 469.755pt x 325.215pt>
File: manuscript_files/figure-latex/effect-large-loading-pic-1.pdf Graphic file (type pdf)
<use manuscript_files/figure-latex/effect-large-loading-pic-1.pdf>
Package pdftex.def Info: manuscript_files/figure-latex/effect-large-loading-pic-1.pdf  used on input line 1722.
(pdftex.def)             Requested size: 469.75386pt x 325.2142pt.
<manuscript_files/figure-latex/density-large-loading-pic-1.pdf, id=766, 469.755pt x 325.215pt>
File: manuscript_files/figure-latex/density-large-loading-pic-1.pdf Graphic file (type pdf)
<use manuscript_files/figure-latex/density-large-loading-pic-1.pdf>
Package pdftex.def Info: manuscript_files/figure-latex/density-large-loading-pic-1.pdf  used on input line 1728.
(pdftex.def)             Requested size: 469.75386pt x 325.2142pt.


[78 <./manuscript_files/figure-latex/small-res-pic-1.pdf>]

[79 <./manuscript_files/figure-latex/med-res-pic-1.pdf>]

[80 <./manuscript_files/figure-latex/large-res-pic-1.pdf>]

[81 <./manuscript_files/figure-latex/boot-rr-pic-1.pdf>]

[82 <./manuscript_files/figure-latex/effect-large-loading-pic-1.pdf>]

[83 <./manuscript_files/figure-latex/density-large-loading-pic-1.pdf>]

[84]

[85]

[86]

[87]

[88]

Package hyperref Warning: Token not allowed in a PDF string (Unicode):
(hyperref)                removing `\\' on input line 1996.



[89

]

[90]

[91]

[92]

[93]

Package hyperref Warning: Token not allowed in a PDF string (Unicode):
(hyperref)                removing `\\' on input line 2245.

<manuscript_files/figure-latex/inv-plots-condition-1.pdf, id=919, 469.755pt x 325.215pt>
File: manuscript_files/figure-latex/inv-plots-condition-1.pdf Graphic file (type pdf)
<use manuscript_files/figure-latex/inv-plots-condition-1.pdf>
Package pdftex.def Info: manuscript_files/figure-latex/inv-plots-condition-1.pdf  used on input line 2247.
(pdftex.def)             Requested size: 469.75386pt x 325.2142pt.
<manuscript_files/figure-latex/inv-plots-condition-2.pdf, id=920, 469.755pt x 325.215pt>
File: manuscript_files/figure-latex/inv-plots-condition-2.pdf Graphic file (type pdf)
<use manuscript_files/figure-latex/inv-plots-condition-2.pdf>
Package pdftex.def Info: manuscript_files/figure-latex/inv-plots-condition-2.pdf  used on input line 2247.
(pdftex.def)             Requested size: 469.75386pt x 325.2142pt.
<manuscript_files/figure-latex/inv-plots-condition-3.pdf, id=921, 469.755pt x 325.215pt>
File: manuscript_files/figure-latex/inv-plots-condition-3.pdf Graphic file (type pdf)
<use manuscript_files/figure-latex/inv-plots-condition-3.pdf>
Package pdftex.def Info: manuscript_files/figure-latex/inv-plots-condition-3.pdf  used on input line 2247.
(pdftex.def)             Requested size: 469.75386pt x 325.2142pt.
<manuscript_files/figure-latex/inv-plots-condition-4.pdf, id=922, 469.755pt x 325.215pt>
File: manuscript_files/figure-latex/inv-plots-condition-4.pdf Graphic file (type pdf)
<use manuscript_files/figure-latex/inv-plots-condition-4.pdf>
Package pdftex.def Info: manuscript_files/figure-latex/inv-plots-condition-4.pdf  used on input line 2247.
(pdftex.def)             Requested size: 469.75386pt x 325.2142pt.
<manuscript_files/figure-latex/inv-plots-condition-5.pdf, id=923, 469.755pt x 325.215pt>
File: manuscript_files/figure-latex/inv-plots-condition-5.pdf Graphic file (type pdf)
<use manuscript_files/figure-latex/inv-plots-condition-5.pdf>
Package pdftex.def Info: manuscript_files/figure-latex/inv-plots-condition-5.pdf  used on input line 2247.
(pdftex.def)             Requested size: 469.75386pt x 325.2142pt.
<manuscript_files/figure-latex/inv-plots-condition-6.pdf, id=924, 469.755pt x 325.215pt>
File: manuscript_files/figure-latex/inv-plots-condition-6.pdf Graphic file (type pdf)
<use manuscript_files/figure-latex/inv-plots-condition-6.pdf>
Package pdftex.def Info: manuscript_files/figure-latex/inv-plots-condition-6.pdf  used on input line 2247.
(pdftex.def)             Requested size: 469.75386pt x 325.2142pt.
<manuscript_files/figure-latex/inv-plots-condition-7.pdf, id=925, 469.755pt x 325.215pt>
File: manuscript_files/figure-latex/inv-plots-condition-7.pdf Graphic file (type pdf)
<use manuscript_files/figure-latex/inv-plots-condition-7.pdf>
Package pdftex.def Info: manuscript_files/figure-latex/inv-plots-condition-7.pdf  used on input line 2247.
(pdftex.def)             Requested size: 469.75386pt x 325.2142pt.
<manuscript_files/figure-latex/inv-plots-condition-8.pdf, id=926, 469.755pt x 325.215pt>
File: manuscript_files/figure-latex/inv-plots-condition-8.pdf Graphic file (type pdf)
<use manuscript_files/figure-latex/inv-plots-condition-8.pdf>
Package pdftex.def Info: manuscript_files/figure-latex/inv-plots-condition-8.pdf  used on input line 2247.
(pdftex.def)             Requested size: 469.75386pt x 325.2142pt.
<manuscript_files/figure-latex/inv-plots-condition-9.pdf, id=927, 469.755pt x 325.215pt>
File: manuscript_files/figure-latex/inv-plots-condition-9.pdf Graphic file (type pdf)
<use manuscript_files/figure-latex/inv-plots-condition-9.pdf>
Package pdftex.def Info: manuscript_files/figure-latex/inv-plots-condition-9.pdf  used on input line 2247.
(pdftex.def)             Requested size: 469.75386pt x 325.2142pt.
<manuscript_files/figure-latex/inv-plots-condition-10.pdf, id=928, 469.755pt x 325.215pt>
File: manuscript_files/figure-latex/inv-plots-condition-10.pdf Graphic file (type pdf)
<use manuscript_files/figure-latex/inv-plots-condition-10.pdf>
Package pdftex.def Info: manuscript_files/figure-latex/inv-plots-condition-10.pdf  used on input line 2247.
(pdftex.def)             Requested size: 469.75386pt x 325.2142pt.

Underfull \vbox (badness 10000) has occurred while \output is active []



[94

]
Overfull \vbox (28.33044pt too high) has occurred while \output is active []



[95 <./manuscript_files/figure-latex/inv-plots-condition-1.pdf> <./manuscript_files/figure-latex/inv-plots-condition-2.pdf>]
Underfull \vbox (badness 10000) has occurred while \output is active []



[96 <./manuscript_files/figure-latex/inv-plots-condition-3.pdf>]
Underfull \vbox (badness 10000) has occurred while \output is active []



[97 <./manuscript_files/figure-latex/inv-plots-condition-4.pdf>]
Underfull \vbox (badness 10000) has occurred while \output is active []



[98 <./manuscript_files/figure-latex/inv-plots-condition-5.pdf>]
Underfull \vbox (badness 10000) has occurred while \output is active []



[99 <./manuscript_files/figure-latex/inv-plots-condition-6.pdf>]
Underfull \vbox (badness 10000) has occurred while \output is active []



[100 <./manuscript_files/figure-latex/inv-plots-condition-7.pdf>]
Underfull \vbox (badness 10000) has occurred while \output is active []



[101 <./manuscript_files/figure-latex/inv-plots-condition-8.pdf>]
Underfull \vbox (badness 10000) has occurred while \output is active []



[102 <./manuscript_files/figure-latex/inv-plots-condition-9.pdf>]

[103 <./manuscript_files/figure-latex/inv-plots-condition-10.pdf>]

Package hyperref Warning: Token not allowed in a PDF string (Unicode):
(hyperref)                removing `\\' on input line 2249.

<manuscript_files/figure-latex/inv-effect-condition-1.pdf, id=1023, 469.755pt x 325.215pt>
File: manuscript_files/figure-latex/inv-effect-condition-1.pdf Graphic file (type pdf)
<use manuscript_files/figure-latex/inv-effect-condition-1.pdf>
Package pdftex.def Info: manuscript_files/figure-latex/inv-effect-condition-1.pdf  used on input line 2251.
(pdftex.def)             Requested size: 469.75386pt x 325.2142pt.
<manuscript_files/figure-latex/inv-effect-condition-2.pdf, id=1024, 469.755pt x 325.215pt>
File: manuscript_files/figure-latex/inv-effect-condition-2.pdf Graphic file (type pdf)
<use manuscript_files/figure-latex/inv-effect-condition-2.pdf>
Package pdftex.def Info: manuscript_files/figure-latex/inv-effect-condition-2.pdf  used on input line 2251.
(pdftex.def)             Requested size: 469.75386pt x 325.2142pt.
<manuscript_files/figure-latex/inv-effect-condition-3.pdf, id=1025, 469.755pt x 325.215pt>
File: manuscript_files/figure-latex/inv-effect-condition-3.pdf Graphic file (type pdf)
<use manuscript_files/figure-latex/inv-effect-condition-3.pdf>
Package pdftex.def Info: manuscript_files/figure-latex/inv-effect-condition-3.pdf  used on input line 2251.
(pdftex.def)             Requested size: 469.75386pt x 325.2142pt.
<manuscript_files/figure-latex/inv-effect-condition-4.pdf, id=1026, 469.755pt x 325.215pt>
File: manuscript_files/figure-latex/inv-effect-condition-4.pdf Graphic file (type pdf)
<use manuscript_files/figure-latex/inv-effect-condition-4.pdf>
Package pdftex.def Info: manuscript_files/figure-latex/inv-effect-condition-4.pdf  used on input line 2251.
(pdftex.def)             Requested size: 469.75386pt x 325.2142pt.
<manuscript_files/figure-latex/inv-effect-condition-5.pdf, id=1027, 469.755pt x 325.215pt>
File: manuscript_files/figure-latex/inv-effect-condition-5.pdf Graphic file (type pdf)
<use manuscript_files/figure-latex/inv-effect-condition-5.pdf>
Package pdftex.def Info: manuscript_files/figure-latex/inv-effect-condition-5.pdf  used on input line 2251.
(pdftex.def)             Requested size: 469.75386pt x 325.2142pt.
<manuscript_files/figure-latex/inv-effect-condition-6.pdf, id=1028, 469.755pt x 325.215pt>
File: manuscript_files/figure-latex/inv-effect-condition-6.pdf Graphic file (type pdf)
<use manuscript_files/figure-latex/inv-effect-condition-6.pdf>
Package pdftex.def Info: manuscript_files/figure-latex/inv-effect-condition-6.pdf  used on input line 2251.
(pdftex.def)             Requested size: 469.75386pt x 325.2142pt.
<manuscript_files/figure-latex/inv-effect-condition-7.pdf, id=1029, 469.755pt x 325.215pt>
File: manuscript_files/figure-latex/inv-effect-condition-7.pdf Graphic file (type pdf)
<use manuscript_files/figure-latex/inv-effect-condition-7.pdf>
Package pdftex.def Info: manuscript_files/figure-latex/inv-effect-condition-7.pdf  used on input line 2251.
(pdftex.def)             Requested size: 469.75386pt x 325.2142pt.
<manuscript_files/figure-latex/inv-effect-condition-8.pdf, id=1030, 469.755pt x 325.215pt>
File: manuscript_files/figure-latex/inv-effect-condition-8.pdf Graphic file (type pdf)
<use manuscript_files/figure-latex/inv-effect-condition-8.pdf>
Package pdftex.def Info: manuscript_files/figure-latex/inv-effect-condition-8.pdf  used on input line 2251.
(pdftex.def)             Requested size: 469.75386pt x 325.2142pt.
<manuscript_files/figure-latex/inv-effect-condition-9.pdf, id=1031, 469.755pt x 325.215pt>
File: manuscript_files/figure-latex/inv-effect-condition-9.pdf Graphic file (type pdf)
<use manuscript_files/figure-latex/inv-effect-condition-9.pdf>
Package pdftex.def Info: manuscript_files/figure-latex/inv-effect-condition-9.pdf  used on input line 2251.
(pdftex.def)             Requested size: 469.75386pt x 325.2142pt.
<manuscript_files/figure-latex/inv-effect-condition-10.pdf, id=1032, 469.755pt x 325.215pt>
File: manuscript_files/figure-latex/inv-effect-condition-10.pdf Graphic file (type pdf)
<use manuscript_files/figure-latex/inv-effect-condition-10.pdf>
Package pdftex.def Info: manuscript_files/figure-latex/inv-effect-condition-10.pdf  used on input line 2251.
(pdftex.def)             Requested size: 469.75386pt x 325.2142pt.

Underfull \vbox (badness 10000) has occurred while \output is active []



[104

]
Overfull \vbox (28.33044pt too high) has occurred while \output is active []



[105 <./manuscript_files/figure-latex/inv-effect-condition-1.pdf> <./manuscript_files/figure-latex/inv-effect-condition-2.pdf>]
Underfull \vbox (badness 10000) has occurred while \output is active []



[106 <./manuscript_files/figure-latex/inv-effect-condition-3.pdf>]
Underfull \vbox (badness 10000) has occurred while \output is active []



[107 <./manuscript_files/figure-latex/inv-effect-condition-4.pdf>]
Underfull \vbox (badness 10000) has occurred while \output is active []



[108 <./manuscript_files/figure-latex/inv-effect-condition-5.pdf>]
Underfull \vbox (badness 10000) has occurred while \output is active []



[109 <./manuscript_files/figure-latex/inv-effect-condition-6.pdf>]
Underfull \vbox (badness 10000) has occurred while \output is active []



[110 <./manuscript_files/figure-latex/inv-effect-condition-7.pdf>]
Underfull \vbox (badness 10000) has occurred while \output is active []



[111 <./manuscript_files/figure-latex/inv-effect-condition-8.pdf>]
Underfull \vbox (badness 10000) has occurred while \output is active []



[112 <./manuscript_files/figure-latex/inv-effect-condition-9.pdf>]

[113 <./manuscript_files/figure-latex/inv-effect-condition-10.pdf>]

Package hyperref Warning: Token not allowed in a PDF string (Unicode):
(hyperref)                removing `\\' on input line 2253.

<manuscript_files/figure-latex/density-effects-condition-1.pdf, id=1125, 469.755pt x 325.215pt>
File: manuscript_files/figure-latex/density-effects-condition-1.pdf Graphic file (type pdf)
<use manuscript_files/figure-latex/density-effects-condition-1.pdf>
Package pdftex.def Info: manuscript_files/figure-latex/density-effects-condition-1.pdf  used on input line 2255.
(pdftex.def)             Requested size: 469.75386pt x 325.2142pt.
<manuscript_files/figure-latex/density-effects-condition-2.pdf, id=1126, 469.755pt x 325.215pt>
File: manuscript_files/figure-latex/density-effects-condition-2.pdf Graphic file (type pdf)
<use manuscript_files/figure-latex/density-effects-condition-2.pdf>
Package pdftex.def Info: manuscript_files/figure-latex/density-effects-condition-2.pdf  used on input line 2255.
(pdftex.def)             Requested size: 469.75386pt x 325.2142pt.
<manuscript_files/figure-latex/density-effects-condition-3.pdf, id=1127, 469.755pt x 325.215pt>
File: manuscript_files/figure-latex/density-effects-condition-3.pdf Graphic file (type pdf)
<use manuscript_files/figure-latex/density-effects-condition-3.pdf>
Package pdftex.def Info: manuscript_files/figure-latex/density-effects-condition-3.pdf  used on input line 2255.
(pdftex.def)             Requested size: 469.75386pt x 325.2142pt.
<manuscript_files/figure-latex/density-effects-condition-4.pdf, id=1128, 469.755pt x 325.215pt>
File: manuscript_files/figure-latex/density-effects-condition-4.pdf Graphic file (type pdf)
<use manuscript_files/figure-latex/density-effects-condition-4.pdf>
Package pdftex.def Info: manuscript_files/figure-latex/density-effects-condition-4.pdf  used on input line 2255.
(pdftex.def)             Requested size: 469.75386pt x 325.2142pt.
<manuscript_files/figure-latex/density-effects-condition-5.pdf, id=1129, 469.755pt x 325.215pt>
File: manuscript_files/figure-latex/density-effects-condition-5.pdf Graphic file (type pdf)
<use manuscript_files/figure-latex/density-effects-condition-5.pdf>
Package pdftex.def Info: manuscript_files/figure-latex/density-effects-condition-5.pdf  used on input line 2255.
(pdftex.def)             Requested size: 469.75386pt x 325.2142pt.
<manuscript_files/figure-latex/density-effects-condition-6.pdf, id=1130, 469.755pt x 325.215pt>
File: manuscript_files/figure-latex/density-effects-condition-6.pdf Graphic file (type pdf)
<use manuscript_files/figure-latex/density-effects-condition-6.pdf>
Package pdftex.def Info: manuscript_files/figure-latex/density-effects-condition-6.pdf  used on input line 2255.
(pdftex.def)             Requested size: 469.75386pt x 325.2142pt.
<manuscript_files/figure-latex/density-effects-condition-7.pdf, id=1131, 469.755pt x 325.215pt>
File: manuscript_files/figure-latex/density-effects-condition-7.pdf Graphic file (type pdf)
<use manuscript_files/figure-latex/density-effects-condition-7.pdf>
Package pdftex.def Info: manuscript_files/figure-latex/density-effects-condition-7.pdf  used on input line 2255.
(pdftex.def)             Requested size: 469.75386pt x 325.2142pt.
<manuscript_files/figure-latex/density-effects-condition-8.pdf, id=1132, 469.755pt x 325.215pt>
File: manuscript_files/figure-latex/density-effects-condition-8.pdf Graphic file (type pdf)
<use manuscript_files/figure-latex/density-effects-condition-8.pdf>
Package pdftex.def Info: manuscript_files/figure-latex/density-effects-condition-8.pdf  used on input line 2255.
(pdftex.def)             Requested size: 469.75386pt x 325.2142pt.
<manuscript_files/figure-latex/density-effects-condition-9.pdf, id=1133, 469.755pt x 325.215pt>
File: manuscript_files/figure-latex/density-effects-condition-9.pdf Graphic file (type pdf)
<use manuscript_files/figure-latex/density-effects-condition-9.pdf>
Package pdftex.def Info: manuscript_files/figure-latex/density-effects-condition-9.pdf  used on input line 2255.
(pdftex.def)             Requested size: 469.75386pt x 325.2142pt.
<manuscript_files/figure-latex/density-effects-condition-10.pdf, id=1134, 469.755pt x 325.215pt>
File: manuscript_files/figure-latex/density-effects-condition-10.pdf Graphic file (type pdf)
<use manuscript_files/figure-latex/density-effects-condition-10.pdf>
Package pdftex.def Info: manuscript_files/figure-latex/density-effects-condition-10.pdf  used on input line 2255.
(pdftex.def)             Requested size: 469.75386pt x 325.2142pt.

Underfull \vbox (badness 10000) has occurred while \output is active []



[114

]
Overfull \vbox (28.33044pt too high) has occurred while \output is active []



[115 <./manuscript_files/figure-latex/density-effects-condition-1.pdf> <./manuscript_files/figure-latex/density-effects-condition-2.pdf>]
Underfull \vbox (badness 10000) has occurred while \output is active []



[116 <./manuscript_files/figure-latex/density-effects-condition-3.pdf>]
Underfull \vbox (badness 10000) has occurred while \output is active []



[117 <./manuscript_files/figure-latex/density-effects-condition-4.pdf>]
Underfull \vbox (badness 10000) has occurred while \output is active []



[118 <./manuscript_files/figure-latex/density-effects-condition-5.pdf>]
Underfull \vbox (badness 10000) has occurred while \output is active []



[119 <./manuscript_files/figure-latex/density-effects-condition-6.pdf>]
Underfull \vbox (badness 10000) has occurred while \output is active []



[120 <./manuscript_files/figure-latex/density-effects-condition-7.pdf>]
Underfull \vbox (badness 10000) has occurred while \output is active []



[121 <./manuscript_files/figure-latex/density-effects-condition-8.pdf>]
Underfull \vbox (badness 10000) has occurred while \output is active []



[122 <./manuscript_files/figure-latex/density-effects-condition-9.pdf>]

[123 <./manuscript_files/figure-latex/density-effects-condition-10.pdf>]
Underfull \vbox (badness 10000) has occurred while \output is active []



[124]
<manuscript_files/figure-latex/unnamed-chunk-116-1.pdf, id=1267, 469.755pt x 325.215pt>
File: manuscript_files/figure-latex/unnamed-chunk-116-1.pdf Graphic file (type pdf)
<use manuscript_files/figure-latex/unnamed-chunk-116-1.pdf>
Package pdftex.def Info: manuscript_files/figure-latex/unnamed-chunk-116-1.pdf  used on input line 2341.
(pdftex.def)             Requested size: 469.75386pt x 325.2142pt.

Overfull \hbox (36.13383pt too wide) in paragraph at lines 2341--2342
[][]  
 []


Underfull \vbox (badness 10000) has occurred while \output is active []



[125]
<manuscript_files/figure-latex/unnamed-chunk-116-2.pdf, id=1273, 469.755pt x 325.215pt>
File: manuscript_files/figure-latex/unnamed-chunk-116-2.pdf Graphic file (type pdf)
<use manuscript_files/figure-latex/unnamed-chunk-116-2.pdf>
Package pdftex.def Info: manuscript_files/figure-latex/unnamed-chunk-116-2.pdf  used on input line 2348.
(pdftex.def)             Requested size: 469.75386pt x 325.2142pt.

Overfull \hbox (36.13383pt too wide) in paragraph at lines 2348--2349
[][]  
 []


Underfull \vbox (badness 10000) has occurred while \output is active []



[126 <./manuscript_files/figure-latex/unnamed-chunk-116-1.pdf>]
<manuscript_files/figure-latex/unnamed-chunk-116-3.pdf, id=1286, 469.755pt x 325.215pt>
File: manuscript_files/figure-latex/unnamed-chunk-116-3.pdf Graphic file (type pdf)
<use manuscript_files/figure-latex/unnamed-chunk-116-3.pdf>
Package pdftex.def Info: manuscript_files/figure-latex/unnamed-chunk-116-3.pdf  used on input line 2355.
(pdftex.def)             Requested size: 469.75386pt x 325.2142pt.

Overfull \hbox (36.13383pt too wide) in paragraph at lines 2355--2356
[][]  
 []


Underfull \vbox (badness 10000) has occurred while \output is active []



[127 <./manuscript_files/figure-latex/unnamed-chunk-116-2.pdf>]
<manuscript_files/figure-latex/unnamed-chunk-116-4.pdf, id=1301, 469.755pt x 325.215pt>
File: manuscript_files/figure-latex/unnamed-chunk-116-4.pdf Graphic file (type pdf)
<use manuscript_files/figure-latex/unnamed-chunk-116-4.pdf>
Package pdftex.def Info: manuscript_files/figure-latex/unnamed-chunk-116-4.pdf  used on input line 2362.
(pdftex.def)             Requested size: 469.75386pt x 325.2142pt.

Overfull \hbox (36.13383pt too wide) in paragraph at lines 2362--2363
[][]  
 []


Underfull \vbox (badness 10000) has occurred while \output is active []



[128 <./manuscript_files/figure-latex/unnamed-chunk-116-3.pdf>]
<manuscript_files/figure-latex/unnamed-chunk-116-5.pdf, id=1314, 469.755pt x 325.215pt>
File: manuscript_files/figure-latex/unnamed-chunk-116-5.pdf Graphic file (type pdf)
<use manuscript_files/figure-latex/unnamed-chunk-116-5.pdf>
Package pdftex.def Info: manuscript_files/figure-latex/unnamed-chunk-116-5.pdf  used on input line 2369.
(pdftex.def)             Requested size: 469.75386pt x 325.2142pt.

Overfull \hbox (36.13383pt too wide) in paragraph at lines 2369--2370
[][]  
 []


Underfull \vbox (badness 10000) has occurred while \output is active []



[129 <./manuscript_files/figure-latex/unnamed-chunk-116-4.pdf>]
<manuscript_files/figure-latex/unnamed-chunk-116-6.pdf, id=1327, 469.755pt x 325.215pt>
File: manuscript_files/figure-latex/unnamed-chunk-116-6.pdf Graphic file (type pdf)
<use manuscript_files/figure-latex/unnamed-chunk-116-6.pdf>
Package pdftex.def Info: manuscript_files/figure-latex/unnamed-chunk-116-6.pdf  used on input line 2376.
(pdftex.def)             Requested size: 469.75386pt x 325.2142pt.

Overfull \hbox (36.13383pt too wide) in paragraph at lines 2376--2377
[][]  
 []


Underfull \vbox (badness 10000) has occurred while \output is active []



[130 <./manuscript_files/figure-latex/unnamed-chunk-116-5.pdf>]
<manuscript_files/figure-latex/unnamed-chunk-116-7.pdf, id=1340, 469.755pt x 325.215pt>
File: manuscript_files/figure-latex/unnamed-chunk-116-7.pdf Graphic file (type pdf)
<use manuscript_files/figure-latex/unnamed-chunk-116-7.pdf>
Package pdftex.def Info: manuscript_files/figure-latex/unnamed-chunk-116-7.pdf  used on input line 2383.
(pdftex.def)             Requested size: 469.75386pt x 325.2142pt.

Overfull \hbox (36.13383pt too wide) in paragraph at lines 2383--2384
[][]  
 []


Underfull \vbox (badness 10000) has occurred while \output is active []



[131 <./manuscript_files/figure-latex/unnamed-chunk-116-6.pdf>]
<manuscript_files/figure-latex/unnamed-chunk-116-8.pdf, id=1353, 469.755pt x 325.215pt>
File: manuscript_files/figure-latex/unnamed-chunk-116-8.pdf Graphic file (type pdf)
<use manuscript_files/figure-latex/unnamed-chunk-116-8.pdf>
Package pdftex.def Info: manuscript_files/figure-latex/unnamed-chunk-116-8.pdf  used on input line 2390.
(pdftex.def)             Requested size: 469.75386pt x 325.2142pt.

Overfull \hbox (36.13383pt too wide) in paragraph at lines 2390--2391
[][]  
 []


Underfull \vbox (badness 10000) has occurred while \output is active []



[132 <./manuscript_files/figure-latex/unnamed-chunk-116-7.pdf>]

[133 <./manuscript_files/figure-latex/unnamed-chunk-116-8.pdf>]
Underfull \vbox (badness 10000) has occurred while \output is active []



[134]

[135]
<manuscript_files/figure-latex/unnamed-chunk-123-1.pdf, id=1392, 469.755pt x 325.215pt>
File: manuscript_files/figure-latex/unnamed-chunk-123-1.pdf Graphic file (type pdf)
<use manuscript_files/figure-latex/unnamed-chunk-123-1.pdf>
Package pdftex.def Info: manuscript_files/figure-latex/unnamed-chunk-123-1.pdf  used on input line 2472.
(pdftex.def)             Requested size: 469.75386pt x 325.2142pt.

Overfull \hbox (36.13383pt too wide) in paragraph at lines 2472--2473
[][]  
 []



[136 <./manuscript_files/figure-latex/unnamed-chunk-123-1.pdf>]
<manuscript_files/figure-latex/unnamed-chunk-124-1.pdf, id=1405, 469.755pt x 325.215pt>
File: manuscript_files/figure-latex/unnamed-chunk-124-1.pdf Graphic file (type pdf)
<use manuscript_files/figure-latex/unnamed-chunk-124-1.pdf>
Package pdftex.def Info: manuscript_files/figure-latex/unnamed-chunk-124-1.pdf  used on input line 2478.
(pdftex.def)             Requested size: 469.75386pt x 325.2142pt.
<manuscript_files/figure-latex/unnamed-chunk-124-2.pdf, id=1406, 469.755pt x 325.215pt>
File: manuscript_files/figure-latex/unnamed-chunk-124-2.pdf Graphic file (type pdf)
<use manuscript_files/figure-latex/unnamed-chunk-124-2.pdf>
Package pdftex.def Info: manuscript_files/figure-latex/unnamed-chunk-124-2.pdf  used on input line 2478.
(pdftex.def)             Requested size: 469.75386pt x 325.2142pt.

Overfull \hbox (36.13383pt too wide) in paragraph at lines 2478--2479
[][] 
 []


Underfull \vbox (badness 10000) has occurred while \output is active []



[137 <./manuscript_files/figure-latex/unnamed-chunk-124-1.pdf>] AED endfloat: Processing end Figures and Tables

[138 <./manuscript_files/figure-latex/unnamed-chunk-124-2.pdf>] (./manuscript.aux)
 ***********
LaTeX2e <2024-06-01> patch level 2
L3 programming layer <2020/03/25>
 ***********
 ) 
Here is how much of TeX's memory you used:
 30306 strings out of 475544
 580382 string characters out of 5776249
 1966905 words of memory out of 5000000
 51884 multiletter control sequences out of 15000+600000
 617367 words of font info for 146 fonts, out of 8000000 for 9000
 14 hyphenation exceptions out of 8191
 99i,12n,107p,1878b,753s stack positions out of 10000i,1000n,20000p,200000b,200000s
</Users/erinbuchanan/Library/TinyTeX/texmf-dist/fonts/type1/public/lm/lmbx12.pfb></Users/erinbuchanan/Library/TinyTeX/texmf-dist/fonts/type1/public/lm/lmbxi10.pfb></Users/erinbuchanan/Library/TinyTeX/texmf-dist/fonts/type1/public/lm/lmmi12.pfb></Users/erinbuchanan/Library/TinyTeX/texmf-dist/fonts/type1/public/lm/lmmi6.pfb></Users/erinbuchanan/Library/TinyTeX/texmf-dist/fonts/type1/public/lm/lmmi8.pfb></Users/erinbuchanan/Library/TinyTeX/texmf-dist/fonts/type1/public/lm/lmr12.pfb></Users/erinbuchanan/Library/TinyTeX/texmf-dist/fonts/type1/public/lm/lmr8.pfb></Users/erinbuchanan/Library/TinyTeX/texmf-dist/fonts/type1/public/lm/lmri12.pfb></Users/erinbuchanan/Library/TinyTeX/texmf-dist/fonts/type1/public/lm/lmss8.pfb></Users/erinbuchanan/Library/TinyTeX/texmf-dist/fonts/type1/public/lm/lmsy10.pfb></Users/erinbuchanan/Library/TinyTeX/texmf-dist/fonts/type1/public/lm/lmtk10.pfb></Users/erinbuchanan/Library/TinyTeX/texmf-dist/fonts/type1/public/lm/lmtt10.pfb></Users/erinbuchanan/Library/TinyTeX/texmf-dist/fonts/type1/public/lm/lmtt12.pfb></Users/erinbuchanan/Library/TinyTeX/texmf-dist/fonts/type1/public/lm/lmtti10.pfb>
Output written on manuscript.pdf (138 pages, 3341414 bytes).
PDF statistics:
 1704 PDF objects out of 1728 (max. 8388607)
 1390 compressed objects within 14 object streams
 393 named destinations out of 1000 (max. 500000)
 29348 words of extra memory for PDF output out of 29859 (max. 10000000)

